NODE_1_length_440294_cov_7.982069	0.005949305710758603
NODE_2_length_346856_cov_7.952362	0.0009349893741441444
NODE_3_length_343187_cov_8.141150	0.0006365697859120236
NODE_4_length_333779_cov_10.139870	0.23607296312436343
NODE_5_length_332631_cov_8.032994	0.863734985047302
NODE_6_length_288646_cov_8.338015	5.582595316440967e-07
NODE_7_length_267122_cov_8.050291	2.3060069356887053e-09
NODE_8_length_249527_cov_7.914191	4.4866348049259664e-07
NODE_9_length_222879_cov_8.063781	2.159613575724156e-09
NODE_10_length_150987_cov_7.844168	2.9927553576915522e-09
NODE_11_length_142444_cov_8.146437	0.005681021084438906
NODE_12_length_133025_cov_8.117944	4.239877577661874e-11
NODE_13_length_131484_cov_7.926835	1.7018063159921617e-05
NODE_14_length_128709_cov_7.902786	0.7275462854555558
NODE_15_length_100339_cov_49.764479	0.9999939274647524
NODE_16_length_98287_cov_48.633989	0.9999855076138061
NODE_17_length_78903_cov_8.364499	0.8546247044376484
NODE_18_length_73127_cov_16.418683	0.9999999980534497
NODE_19_length_68552_cov_8.029184	0.00033685954524096507
NODE_20_length_59661_cov_7.754807	3.3725774217616735e-08
NODE_21_length_52433_cov_7.911890	0.712357527703544
NODE_22_length_51125_cov_7.882142	0.813992209758279
NODE_23_length_36520_cov_16.857425	0.9831891082820629
NODE_24_length_36510_cov_8.356001	0.9370353614170193
NODE_25_length_35914_cov_8.301458	0.6660966227351347
NODE_26_length_28176_cov_8.994559	0.7849290961133696
NODE_27_length_26047_cov_15.450523	0.989807293396581
NODE_28_length_26009_cov_8.741466	0.9531344415667209
NODE_29_length_22462_cov_47.719686	0.9439240341998376
NODE_30_length_21555_cov_18.517953	0.959807688397798
NODE_31_length_19698_cov_7.604948	0.7818691956370003
NODE_32_length_19357_cov_33.876127	0.9841382886542775
NODE_33_length_18105_cov_7.632410	0.36305066163993305
NODE_34_length_17338_cov_8.275126	0.09438273047723027
NODE_35_length_17000_cov_8.923576	0.9820257571229891
NODE_36_length_14370_cov_47.634020	0.8889920060303124
NODE_37_length_13668_cov_15.983325	0.9498409326916823
NODE_38_length_11469_cov_11.192921	0.9529144679850846
NODE_39_length_11068_cov_7.723509	0.9925200686225606
NODE_40_length_9412_cov_8.172384	0.8528258143245989
NODE_41_length_8492_cov_31.950219	0.9946697797666825
NODE_42_length_7519_cov_8.701501	0.8295205990298932
NODE_43_length_7511_cov_9.566926	0.9729828997180707
NODE_44_length_6101_cov_23.236520	0.9953362512099532
NODE_45_length_5866_cov_14.618998	0.5149665472549418
NODE_46_length_5606_cov_22.542605	0.6990224472674557
NODE_47_length_4957_cov_15.245410	0.7559547685144169
NODE_48_length_4727_cov_31.937928	0.8405137892608389
NODE_49_length_2601_cov_7.423409	0.9236367847219006
NODE_50_length_2585_cov_9.036364	0.9175170287514179
NODE_51_length_2428_cov_9.806153	0.7369414467408788
NODE_52_length_2080_cov_15.458272	0.76591251756528
NODE_53_length_2030_cov_22.262785	0.9238616006623794
NODE_54_length_1819_cov_11.575397	0.9290706862608863
NODE_55_length_1730_cov_22.625672	0.9433170704904335
NODE_56_length_1688_cov_10.401715	0.40014994550128263
NODE_57_length_1661_cov_16.447696	0.9353753464271197
NODE_58_length_1606_cov_151.348162	0.9404581234693318
NODE_59_length_1480_cov_13.808421	0.8128952772762088
NODE_60_length_1205_cov_11.409565	0.859687112656541
NODE_61_length_606_cov_31.624319	0.7667287822355959
NODE_62_length_456_cov_14.211970	0.7546363329898857
NODE_63_length_343_cov_9.010417	0.7646357710201277
NODE_64_length_332_cov_8.945848	0.9732881639558267
NODE_65_length_279_cov_8.633929	0.9047120391489163
NODE_66_length_278_cov_10.856502	0.9526888947962351
NODE_67_length_263_cov_7.144231	0.9999226705048426
NODE_68_length_260_cov_6.180488	0.003867975669840464
NODE_69_length_228_cov_5.196532	0.5519253928453044
NODE_70_length_227_cov_11.610465	0.04785739176115657
NODE_71_length_205_cov_21.540000	0.9008566504946319
NODE_72_length_194_cov_18.597122	0.9752842639244351
NODE_73_length_192_cov_4.372263	0.9999306565164661
NODE_74_length_186_cov_14.297710	0.9845594195071943
NODE_75_length_180_cov_4.824000	0.8140077248353537
NODE_76_length_174_cov_9.932773	0.5802515148888263
NODE_77_length_174_cov_4.201681	0.04610807036789056
NODE_78_length_148_cov_2.860215	0.050534063768937425
NODE_79_length_147_cov_14.869565	0.008846244416754113
NODE_80_length_139_cov_18.107143	0.5133825429004041
NODE_81_length_131_cov_16.197368	0.9998681642621601
NODE_82_length_130_cov_66.560000	0.9962374261042806
NODE_83_length_125_cov_16.957143	0.9999919129926161
NODE_84_length_119_cov_3.593750	0.9984970786842824
NODE_85_length_112_cov_7.052632	0.9999751178050357
NODE_86_length_110_cov_11.363636	0.9996126284874236
NODE_87_length_91_cov_16.833333	0.999968981021757
NODE_88_length_85_cov_7.400000	0.4221691885235639
NODE_89_length_84_cov_3.241379	0.4674484834295493
NODE_90_length_81_cov_18.230769	0.9999710014089993
NODE_91_length_81_cov_15.653846	0.9999982936211139
NODE_92_length_81_cov_14.000000	0.9998264731913161
NODE_93_length_81_cov_13.692308	0.9998409385879281
NODE_94_length_81_cov_13.153846	0.9999683638387388
NODE_95_length_81_cov_3.038462	0.9916882008686464
NODE_96_length_80_cov_34.040000	0.0015947613581921434
NODE_97_length_80_cov_10.680000	0.35539205769182974
NODE_98_length_76_cov_17.619048	0.6824888864322936
NODE_99_length_76_cov_3.000000	0.9669705236259175
NODE_100_length_73_cov_13.500000	1.4895942937856384e-05
NODE_101_length_72_cov_8.000000	0.004414901341866866
NODE_102_length_71_cov_50.437500	0.999623455153828
NODE_103_length_71_cov_28.687500	0.00045729483422831286
NODE_104_length_71_cov_23.250000	0.9999874661193067
NODE_105_length_70_cov_4.000000	3.7409185905356944e-07
NODE_106_length_65_cov_3.800000	0.18507027462458744
NODE_107_length_64_cov_76.222222	0.999985430935506
NODE_108_length_64_cov_12.444444	0.1647295955060106
NODE_109_length_64_cov_4.000000	0.8906571322767622
NODE_110_length_62_cov_13.714286	0.0006437977326166945
NODE_111_length_62_cov_3.000000	0.02202098815673728
NODE_112_length_60_cov_28.800000	0.5335408239129564
NODE_113_length_60_cov_23.000000	0.10353155493461799
NODE_114_length_58_cov_100.333333	1.0
NODE_115_length_58_cov_31.000000	0.9999998121523446
NODE_116_length_57_cov_97.000000	1.0
NODE_117_length_57_cov_91.500000	0.9999999999879212
NODE_118_length_57_cov_17.000000	0.9999996952557237
NODE_119_length_57_cov_14.000000	0.9999937834644013
