NODE_1_length_930554_cov_24.300244	0.023368790110090222
NODE_2_length_849295_cov_21.039654	2.7662308376470078e-05
NODE_3_length_585533_cov_49.318009	0.9998696746657358
NODE_4_length_578223_cov_24.514871	4.950147376412283e-05
NODE_5_length_524800_cov_20.149629	5.391937798566674e-05
NODE_6_length_502908_cov_22.208331	0.4613797205445251
NODE_7_length_493217_cov_24.353225	0.000311101779896069
NODE_8_length_447273_cov_24.448580	1.8257313650156166e-07
NODE_9_length_440490_cov_20.263306	1.8797855934230746e-05
NODE_10_length_422428_cov_25.029299	9.529891805449966e-06
NODE_11_length_407730_cov_49.682301	0.9894362810746351
NODE_12_length_406758_cov_16.307682	0.8099383732652722
NODE_13_length_397543_cov_7.907049	0.11787004203363527
NODE_14_length_391133_cov_16.365042	0.8821315083787977
NODE_15_length_382726_cov_16.206553	0.1444523145029543
NODE_16_length_382227_cov_11.999236	1.8963537308572704e-05
NODE_17_length_376550_cov_24.191641	5.381405562002565e-06
NODE_18_length_347189_cov_20.301273	2.1091386942042703e-06
NODE_19_length_340856_cov_11.852679	0.0002067801879478659
NODE_20_length_335193_cov_124.165284	0.9900676778949765
NODE_21_length_332632_cov_8.116508	0.8716874744737513
NODE_22_length_326705_cov_16.258332	0.003672184870179094
NODE_23_length_310724_cov_23.918679	1.0619103736923282e-07
NODE_24_length_307995_cov_15.934465	0.0024153236181345327
NODE_25_length_283681_cov_12.030159	1.2718038816670343e-10
NODE_26_length_280432_cov_24.686215	0.057271823956640114
NODE_27_length_279797_cov_24.853515	0.0018776628340774868
NODE_28_length_276063_cov_8.260239	6.573927476598748e-05
NODE_29_length_273127_cov_12.103782	4.428552788024407e-09
NODE_30_length_269038_cov_43.397460	0.999999999974595
NODE_31_length_259645_cov_7.972044	6.43463274541302e-09
NODE_32_length_254320_cov_12.245606	2.9213383786395935e-12
NODE_33_length_251374_cov_20.318703	1.39490750243766e-12
NODE_34_length_250343_cov_20.183600	9.031026029333481e-05
NODE_35_length_244242_cov_12.255214	3.342735199384614e-10
NODE_36_length_242166_cov_7.740565	9.523722002889495e-10
NODE_37_length_232272_cov_24.173868	0.22996545661404932
NODE_38_length_222879_cov_7.952079	9.741658752453179e-10
NODE_39_length_222514_cov_40.453531	0.9999421341153997
NODE_40_length_211811_cov_20.075483	2.0876051670616015e-09
NODE_41_length_211501_cov_10.123691	0.0005722985964572848
NODE_42_length_207399_cov_16.040020	7.01263116509013e-10
NODE_43_length_205029_cov_7.864827	0.00028905869245634397
NODE_44_length_197053_cov_24.733256	3.7865406295132344e-08
NODE_45_length_195644_cov_20.441323	1.6648290957082382e-12
NODE_46_length_192116_cov_20.593655	5.6830522660595494e-12
NODE_47_length_189333_cov_7.775510	9.583054031595902e-08
NODE_48_length_171582_cov_11.999615	0.0002949973813047966
NODE_49_length_169049_cov_90.033007	0.9999827075800504
NODE_50_length_161275_cov_24.743859	0.04105082741052348
NODE_51_length_157724_cov_7.816058	1.5966889382913917e-05
NODE_52_length_143413_cov_12.603447	0.00681597883376805
NODE_53_length_142443_cov_8.011188	0.010411596360781747
NODE_54_length_142057_cov_12.053140	1.9154126181115654e-10
NODE_55_length_141258_cov_12.383568	2.2634376304305417e-15
NODE_56_length_138577_cov_12.466879	0.9681742549436785
NODE_57_length_134028_cov_16.209378	1.4827857843040083e-08
NODE_58_length_131356_cov_8.298254	4.186889037523392e-06
NODE_59_length_130908_cov_20.100601	0.9551619428585786
NODE_60_length_129599_cov_12.188685	0.078622568496603
NODE_61_length_128267_cov_7.969137	3.3021976942048865e-06
NODE_62_length_123996_cov_16.365101	0.7977047455265778
NODE_63_length_119868_cov_8.102234	7.256984409351732e-13
NODE_64_length_118796_cov_11.981178	1.8971606800570056e-05
NODE_65_length_118112_cov_12.071593	0.9999999808712977
NODE_66_length_109125_cov_7.608572	2.2937341592043852e-15
NODE_67_length_108133_cov_16.127399	0.0017412347811816672
NODE_68_length_107416_cov_38.279086	0.9999918708064975
NODE_69_length_106932_cov_24.488599	8.660384824693054e-11
NODE_70_length_105460_cov_7.835757	0.3201940978159771
NODE_71_length_103357_cov_25.433583	0.999926365865589
NODE_72_length_103188_cov_8.855924	0.9992120114180526
NODE_73_length_100322_cov_41.673921	0.999994948380014
NODE_74_length_99574_cov_7.748551	4.996095972846108e-10
NODE_75_length_98295_cov_32.454265	0.9999853721660035
NODE_76_length_97362_cov_26.582404	0.03630327115487936
NODE_77_length_96685_cov_57.141912	0.999484537121242
NODE_78_length_94370_cov_15.871749	6.828964417583429e-09
NODE_79_length_92440_cov_24.315971	2.172514885964435e-15
NODE_80_length_87384_cov_50.752041	0.9999997717278059
NODE_81_length_84405_cov_12.996277	7.010376488648289e-13
NODE_82_length_82955_cov_12.399517	1.0436842595160838e-11
NODE_83_length_81258_cov_12.925742	3.146981887737786e-09
NODE_84_length_78787_cov_7.706600	4.1080026972442657e-10
NODE_85_length_78508_cov_15.772985	0.22739818650426497
NODE_86_length_77901_cov_73.490944	1.0
NODE_87_length_77189_cov_12.021197	5.030159266544707e-05
NODE_88_length_77052_cov_81.690417	0.999999842126454
NODE_89_length_75249_cov_12.454970	2.378425884552089e-06
NODE_90_length_74662_cov_17.444409	0.9999999999904554
NODE_91_length_74461_cov_77.373545	1.0
NODE_92_length_73315_cov_8.007330	0.01861913902445343
NODE_93_length_73216_cov_17.897719	0.02544956852896435
NODE_94_length_73127_cov_16.245717	0.9999999980534497
NODE_95_length_71205_cov_7.587266	0.02319598372042849
NODE_96_length_67818_cov_49.645647	0.9999912166894245
NODE_97_length_67364_cov_24.650671	0.9999999764916242
NODE_98_length_64460_cov_72.220293	0.9999999999991935
NODE_99_length_63676_cov_32.440075	4.059761927389242e-06
NODE_100_length_63292_cov_71.722141	0.9939307041574948
NODE_101_length_61271_cov_23.988810	1.33107177334368e-23
NODE_102_length_60453_cov_12.236365	0.9945182187025814
NODE_103_length_59893_cov_20.381915	2.27802821821796e-17
NODE_104_length_58733_cov_70.214459	0.006350511727639591
NODE_105_length_58677_cov_67.078025	0.9991661343981392
NODE_106_length_57944_cov_61.868490	1.0
NODE_107_length_57632_cov_19.284940	0.9999999999999742
NODE_108_length_56169_cov_26.419058	3.458066737617796e-11
NODE_109_length_55449_cov_12.366556	0.9999999989682518
NODE_110_length_53427_cov_121.182699	0.6627439452039616
NODE_111_length_53259_cov_21.653428	0.9724526324264402
NODE_112_length_51340_cov_54.160105	0.8830412415022166
NODE_113_length_48429_cov_16.503225	0.8830926089176224
NODE_114_length_48320_cov_16.055734	0.360908667498185
NODE_115_length_46907_cov_39.705242	0.9316307475891961
NODE_116_length_45031_cov_7.275302	0.6530768943926143
NODE_117_length_44919_cov_16.560004	0.9459813252486007
NODE_118_length_44742_cov_11.995972	0.2665129410868122
NODE_119_length_44491_cov_68.180327	0.9952976832118056
NODE_120_length_44455_cov_16.685180	0.9736317612099958
NODE_121_length_43173_cov_7.395241	0.6246973870261247
NODE_122_length_40834_cov_54.676132	0.9945915634767571
NODE_123_length_40734_cov_12.097151	0.9354148154041833
NODE_124_length_40529_cov_47.471982	0.6984687615512835
NODE_125_length_38984_cov_48.840761	0.9854106072734469
NODE_126_length_36867_cov_40.740221	0.6708418737774305
NODE_127_length_36641_cov_17.959903	0.9825154849821913
NODE_128_length_36519_cov_32.508200	0.957115662893152
NODE_129_length_36332_cov_24.533230	0.9592645862702881
NODE_130_length_36069_cov_7.856250	0.9488036258257042
NODE_131_length_33382_cov_7.940829	0.8694367883659516
NODE_132_length_33006_cov_16.033565	0.9607112642601535
NODE_133_length_32262_cov_15.529015	0.5358530061170272
NODE_134_length_32210_cov_59.811382	0.9964731444549508
NODE_135_length_32047_cov_48.927357	0.9876419769065635
NODE_136_length_29027_cov_16.513116	0.9813744196530484
NODE_137_length_28299_cov_67.812491	0.9162165443906891
NODE_138_length_28176_cov_8.176345	0.7911561758481052
NODE_139_length_27668_cov_41.622786	0.9500663055805615
NODE_140_length_26674_cov_11.622525	0.6086370372764807
NODE_141_length_26439_cov_40.528995	0.8927496422045051
NODE_142_length_26370_cov_8.221813	0.5443737452610888
NODE_143_length_26070_cov_16.143071	0.9901734256532547
NODE_144_length_26060_cov_11.669025	0.4670972320995248
NODE_145_length_25805_cov_92.527184	0.9775527602141897
NODE_146_length_25689_cov_8.490754	0.9476835315890213
NODE_147_length_25389_cov_36.122010	0.9116847389681957
NODE_148_length_25123_cov_24.263683	0.9828455646972191
NODE_149_length_24325_cov_67.812691	0.9214634197530527
NODE_150_length_24305_cov_36.852289	0.9209400853395265
NODE_151_length_24221_cov_15.612803	0.7685500876985655
NODE_152_length_23934_cov_67.161523	0.9646455868473843
NODE_153_length_23775_cov_16.140978	0.9115946159577293
NODE_154_length_23569_cov_16.424513	0.9170337348071224
NODE_155_length_23259_cov_90.659067	0.9719565140339542
NODE_156_length_22754_cov_12.041852	0.9484490737978736
NODE_157_length_22446_cov_38.784556	0.9415471968203257
NODE_158_length_22415_cov_37.175492	0.965718361799504
NODE_159_length_22275_cov_15.550540	0.8732342837283686
NODE_160_length_21925_cov_22.603064	0.9942305832195871
NODE_161_length_21675_cov_8.442553	0.8054827172167465
NODE_162_length_21578_cov_18.365981	0.9617298774170988
NODE_163_length_21113_cov_66.495346	0.9884479599134658
NODE_164_length_20502_cov_50.885998	0.9591186960971473
NODE_165_length_20042_cov_74.351729	0.9465056926883413
NODE_166_length_19390_cov_17.063305	0.9408500300538023
NODE_167_length_19351_cov_8.841781	0.6938817864084299
NODE_168_length_19263_cov_31.566170	0.9859704889989157
NODE_169_length_19022_cov_8.053356	0.15892295278595295
NODE_170_length_18587_cov_11.148230	0.9710771494348232
NODE_171_length_18164_cov_21.471699	0.9908267576946226
NODE_172_length_17832_cov_8.481015	0.6280859995821704
NODE_173_length_17628_cov_12.398395	0.995593312015977
NODE_174_length_16339_cov_41.460882	0.9697694836974363
NODE_175_length_16016_cov_52.815488	0.9939146948937073
NODE_176_length_15547_cov_16.604635	0.9419058601372244
NODE_177_length_15443_cov_7.973096	0.9672848531872358
NODE_178_length_15341_cov_59.558681	0.8463889801495139
NODE_179_length_15283_cov_46.697597	0.8580767867948765
NODE_180_length_15174_cov_80.477214	0.9855463891623137
NODE_181_length_15078_cov_16.333821	0.8921625307641693
NODE_182_length_14971_cov_35.511062	0.982445355313415
NODE_183_length_14592_cov_12.738804	0.9618961239369166
NODE_184_length_14391_cov_48.145578	0.9954213210114393
NODE_185_length_14373_cov_31.919751	0.8969635465382634
NODE_186_length_13758_cov_16.012041	0.9561223729212808
NODE_187_length_13141_cov_148.345178	0.9034441408861225
NODE_188_length_13079_cov_17.046683	0.4839496385545316
NODE_189_length_13060_cov_39.572472	0.8308663300873658
NODE_190_length_12834_cov_61.299789	0.9878728201255914
NODE_191_length_12682_cov_105.807476	0.9576796507638761
NODE_192_length_11610_cov_16.516227	0.7712620184231567
NODE_193_length_11581_cov_61.570710	0.9480643033732986
NODE_194_length_11512_cov_37.981147	0.8060168222935191
NODE_195_length_10756_cov_25.521353	0.9829987784430357
NODE_196_length_10377_cov_69.057935	0.8436337660333316
NODE_197_length_10198_cov_8.556443	0.09846180127657926
NODE_198_length_10108_cov_51.446732	0.980773418974099
NODE_199_length_10063_cov_8.183653	0.9937710410531814
NODE_200_length_9758_cov_10.316294	0.5658930273647557
NODE_201_length_9474_cov_17.903493	0.9670415715576989
NODE_202_length_9458_cov_67.132192	0.9305706885118785
NODE_203_length_9430_cov_103.800107	0.8213506264149042
NODE_204_length_9353_cov_63.196817	0.998615056261893
NODE_205_length_9297_cov_14.839212	0.7799539107371616
NODE_206_length_9105_cov_15.465746	0.9194251335774992
NODE_207_length_9070_cov_16.562063	0.677081858187298
NODE_208_length_8838_cov_10.538199	0.9868427945419154
NODE_209_length_8507_cov_20.124941	0.49308871569205937
NODE_210_length_8409_cov_16.625928	0.9800139043691976
NODE_211_length_8331_cov_76.559449	0.7902037960329736
NODE_212_length_8266_cov_10.837535	0.8719622075224747
NODE_213_length_8152_cov_33.330369	0.9975535378550666
NODE_214_length_8136_cov_7.189086	0.8543747125165493
NODE_215_length_7636_cov_13.177813	0.5701894784120868
NODE_216_length_7375_cov_10.256011	0.4341361140862172
NODE_217_length_6561_cov_11.067322	0.9486918346994692
NODE_218_length_5695_cov_19.169681	0.9911444119410839
NODE_219_length_5288_cov_62.377986	0.700723110760386
NODE_220_length_5284_cov_8.484988	0.8650162365659366
NODE_221_length_5251_cov_47.820439	0.8641901761896663
NODE_222_length_5237_cov_151.950405	0.8324412042635367
NODE_223_length_5047_cov_16.982973	0.760820777286635
NODE_224_length_4917_cov_52.079597	0.6566636255924028
NODE_225_length_4784_cov_18.186086	0.6606968218563322
NODE_226_length_4783_cov_107.697547	0.40485733149084235
NODE_227_length_4766_cov_44.643388	0.5748377268690611
NODE_228_length_4699_cov_30.508613	0.8569278335368591
NODE_229_length_4571_cov_90.697963	0.7631590539972587
NODE_230_length_4515_cov_14.231166	0.7080319202540017
NODE_231_length_4125_cov_8.426044	0.8065641347278799
NODE_232_length_4070_cov_15.727771	0.6224281446576724
NODE_233_length_3824_cov_76.428761	0.7370748033311234
NODE_234_length_3805_cov_75.996000	0.48825378665374425
NODE_235_length_3629_cov_38.852266	0.5577732190142403
NODE_236_length_3618_cov_85.198428	0.8355881779419452
NODE_237_length_3527_cov_66.996650	0.8639064824267211
NODE_238_length_3526_cov_7.121579	0.7513475965107976
NODE_239_length_3500_cov_98.150363	0.8463843553495943
NODE_240_length_3499_cov_10.843786	0.8541416638519707
NODE_241_length_3458_cov_122.449603	0.8929887019091809
NODE_242_length_3388_cov_35.406841	0.3447240863753359
NODE_243_length_3384_cov_11.490237	0.9508174313187925
NODE_244_length_3187_cov_172.526181	0.8438036604610084
NODE_245_length_3112_cov_12.842656	0.595746647808535
NODE_246_length_3082_cov_146.779319	0.796799312497874
NODE_247_length_3027_cov_139.891319	0.8807896722880852
NODE_248_length_2864_cov_57.646849	0.7362340948198971
NODE_249_length_2823_cov_10.539379	0.8047116912416578
NODE_250_length_2796_cov_27.262678	0.532426472911606
NODE_251_length_2681_cov_172.888804	0.7943500279285445
NODE_252_length_2636_cov_97.838435	0.8804832892474483
NODE_253_length_2576_cov_75.010313	0.3005270501854709
NODE_254_length_2574_cov_83.096864	0.8505005374554655
NODE_255_length_2486_cov_95.250103	0.8850821094567485
NODE_256_length_2242_cov_133.098765	0.6140688855233205
NODE_257_length_2218_cov_7.500693	0.8999489082382953
NODE_258_length_2193_cov_111.470065	0.5928130559095116
NODE_259_length_2183_cov_14.079417	0.6583648446163499
NODE_260_length_2132_cov_11.475686	0.32749343224329935
NODE_261_length_2079_cov_118.859190	0.6670417193702646
NODE_262_length_2030_cov_21.296203	0.9238616006623794
NODE_263_length_1956_cov_8.867438	0.7497825499506966
NODE_264_length_1946_cov_70.781068	0.8851186398444159
NODE_265_length_1934_cov_39.837680	0.5828455191939467
NODE_266_length_1877_cov_7.328211	0.7479402337572227
NODE_267_length_1782_cov_22.552403	0.8277632725340055
NODE_268_length_1671_cov_120.956683	0.9255026852630203
NODE_269_length_1661_cov_17.594022	0.9331826381064584
NODE_270_length_1646_cov_64.509114	0.5274310047109051
NODE_271_length_1628_cov_160.577241	0.6403688742179751
NODE_272_length_1615_cov_122.271795	0.9527968589857051
NODE_273_length_1606_cov_125.895551	0.9404581234693318
NODE_274_length_1603_cov_14.173127	0.7885588863974217
NODE_275_length_1573_cov_8.989460	0.9414351471006079
NODE_276_length_1556_cov_88.441039	0.9384204559305741
NODE_277_length_1549_cov_85.030790	0.928623850863408
NODE_278_length_1491_cov_26.582869	0.5706303752568497
NODE_279_length_1479_cov_50.164326	0.6390148049950414
NODE_280_length_1453_cov_153.062947	0.6524317439298003
NODE_281_length_1443_cov_45.644092	0.5572220351104289
NODE_282_length_1425_cov_199.307299	0.48175256612095013
NODE_283_length_1422_cov_282.310900	0.4119093456624711
NODE_284_length_1420_cov_72.583150	0.8942789859270023
NODE_285_length_1407_cov_20.116124	0.9592214315204438
NODE_286_length_1406_cov_9.023686	0.7754346408219127
NODE_287_length_1390_cov_99.776030	0.8957969925860907
NODE_288_length_1375_cov_31.002273	0.9815016098688398
NODE_289_length_1369_cov_59.625571	0.5983528079775741
NODE_290_length_1346_cov_198.079783	0.6948082666191228
NODE_291_length_1332_cov_148.228661	0.8829123907143265
NODE_292_length_1321_cov_106.872038	0.9624825012728792
NODE_293_length_1301_cov_78.897271	0.8902768700721401
NODE_294_length_1300_cov_9.643373	0.8673907502847247
NODE_295_length_1262_cov_82.319801	0.9890770123825429
NODE_296_length_1252_cov_11.276525	0.7694548038832663
NODE_297_length_1248_cov_9.031014	0.6075391549498795
NODE_298_length_1216_cov_70.164513	0.14936477600758608
NODE_299_length_1178_cov_99.080142	0.3617817191678936
NODE_300_length_1082_cov_74.185979	0.6399939454164021
NODE_301_length_1078_cov_18.645161	0.748344749902213
NODE_302_length_1071_cov_49.504921	0.5170511249794687
NODE_303_length_1042_cov_45.211753	0.7939459689053021
NODE_304_length_1028_cov_11.262076	0.7770871483659174
NODE_305_length_1006_cov_38.153523	0.7046213882750776
NODE_306_length_966_cov_15.746432	0.7700013605848338
NODE_307_length_855_cov_28.263750	0.4749818422887769
NODE_308_length_836_cov_13.253521	0.8408891208694997
NODE_309_length_789_cov_16.079019	0.9529313150572503
NODE_310_length_762_cov_56.560113	0.9131228853333608
NODE_311_length_734_cov_16.904271	0.9034348830080573
NODE_312_length_726_cov_18.788376	0.927653343119402
NODE_313_length_678_cov_12.900482	0.7141851639272423
NODE_314_length_675_cov_71.153226	0.9024408362112514
NODE_315_length_673_cov_188.145631	0.5569066679093838
NODE_316_length_634_cov_11.796200	0.37786596348586116
NODE_317_length_633_cov_9.782007	0.8909935909316676
NODE_318_length_611_cov_32.922662	0.7670369368916878
NODE_319_length_545_cov_12.277551	0.854340102796348
NODE_320_length_542_cov_58.039014	0.951953813279281
NODE_321_length_517_cov_7.679654	0.9891679102191399
NODE_322_length_491_cov_37.878440	0.8207591438690824
NODE_323_length_468_cov_70.675545	0.9491570020838186
NODE_324_length_460_cov_13.943210	0.9848997765995096
NODE_325_length_454_cov_42.934837	0.8225226240268075
NODE_326_length_452_cov_25.511335	0.5405028303406385
NODE_327_length_423_cov_2.190217	0.4768768316308372
NODE_328_length_416_cov_85.623269	0.9594882621387615
NODE_329_length_370_cov_11.561905	0.6327525874161688
NODE_330_length_340_cov_12.940351	0.9580494412851605
NODE_331_length_339_cov_29.154930	0.9429980364286308
NODE_332_length_336_cov_16.733096	0.9923458841639922
NODE_333_length_336_cov_7.672598	0.9370882500359073
NODE_334_length_333_cov_2.129496	0.37992400235374424
NODE_335_length_311_cov_8.351562	0.04645416196464697
NODE_336_length_310_cov_29.337255	0.9622045237660307
NODE_337_length_305_cov_10.480000	0.9903498116149337
NODE_338_length_301_cov_6.455285	0.9789024213124681
NODE_339_length_290_cov_59.685106	0.46309497278162726
NODE_340_length_289_cov_37.867521	0.2260791337902224
NODE_341_length_278_cov_24.358744	0.02946706263531398
NODE_342_length_258_cov_4.733990	0.9936183813191807
NODE_343_length_255_cov_3.430000	0.9559363177258404
NODE_344_length_233_cov_85.691011	0.9703893472397757
NODE_345_length_233_cov_44.331461	0.15746651267044165
NODE_346_length_230_cov_32.428571	0.9999925033486674
NODE_347_length_224_cov_90.224852	0.9319968976221081
NODE_348_length_221_cov_8.530120	0.9321638666005315
NODE_349_length_210_cov_58.387097	0.028293283760841167
NODE_350_length_204_cov_18.489933	0.9185133900828711
NODE_351_length_198_cov_12.895105	0.005997597694337043
NODE_352_length_192_cov_99.299270	0.8800720697838055
NODE_353_length_192_cov_17.686131	0.8482482317259384
NODE_354_length_192_cov_15.875912	0.00221628624184409
NODE_355_length_188_cov_25.082707	0.9949073728239045
NODE_356_length_188_cov_3.894737	0.9983089395729068
NODE_357_length_183_cov_15.476562	0.9983185626654212
NODE_358_length_176_cov_106.876033	0.9923770071253007
NODE_359_length_175_cov_9.291667	0.8624946798597812
NODE_360_length_147_cov_62.065217	0.9956601075401675
NODE_361_length_145_cov_16.266667	0.06410596130207258
NODE_362_length_143_cov_9.443182	0.6958410472329025
NODE_363_length_142_cov_40.413793	0.9999770553463617
NODE_364_length_142_cov_26.413793	0.9378626511066358
NODE_365_length_138_cov_26.734940	0.5684655339249758
NODE_366_length_131_cov_15.078947	0.9998681642621601
NODE_367_length_125_cov_39.300000	0.9695109019762902
NODE_368_length_125_cov_19.814286	0.9999919129926161
NODE_369_length_124_cov_71.579710	0.00026379411326111585
NODE_370_length_117_cov_4.532258	0.9999998181788563
NODE_371_length_114_cov_60.796610	0.8033943568120876
NODE_372_length_112_cov_73.245614	1.0823739165902015e-05
NODE_373_length_111_cov_49.285714	0.293247097400168
NODE_374_length_110_cov_16.945455	0.9996126284874236
NODE_375_length_109_cov_47.185185	0.997491772177219
NODE_376_length_109_cov_45.833333	0.0013461177783188685
NODE_377_length_108_cov_26.830189	0.7590827106879915
NODE_378_length_107_cov_65.769231	0.0020123770333440884
NODE_379_length_105_cov_15.940000	0.5092632444729223
NODE_380_length_102_cov_6.468085	0.606241893125291
NODE_381_length_102_cov_2.914894	0.9728083584388321
NODE_382_length_101_cov_64.217391	0.9449848970808532
NODE_383_length_97_cov_68.000000	0.014613333023149407
NODE_384_length_94_cov_84.461538	0.049261806322839025
NODE_385_length_94_cov_53.923077	0.2923345483782346
NODE_386_length_93_cov_23.578947	0.999822727735895
NODE_387_length_92_cov_111.108108	0.9999270355346958
NODE_388_length_91_cov_77.666667	0.9934509667080064
NODE_389_length_91_cov_44.527778	0.9998587657015167
NODE_390_length_91_cov_17.861111	0.999968981021757
NODE_391_length_90_cov_114.514286	0.9967227363809897
NODE_392_length_90_cov_5.457143	0.01252612445142521
NODE_393_length_89_cov_3.323529	0.7463552684563306
NODE_394_length_88_cov_131.636364	0.9892872191233768
NODE_395_length_87_cov_50.468750	0.9999493431445974
NODE_396_length_87_cov_40.781250	0.999989620956209
NODE_397_length_87_cov_3.531250	0.9811230052459776
NODE_398_length_86_cov_52.483871	0.9999183020484187
NODE_399_length_86_cov_18.225806	4.646815829983504e-05
NODE_400_length_85_cov_31.300000	0.9426119800207637
NODE_401_length_85_cov_5.133333	0.9998178952210865
NODE_402_length_84_cov_36.103448	0.7074064534011728
NODE_403_length_82_cov_23.333333	0.9997376669659962
NODE_404_length_81_cov_15.346154	0.9999683638387388
NODE_405_length_81_cov_15.346154	0.9999710014089993
NODE_406_length_81_cov_13.038462	0.9998409385879281
NODE_407_length_81_cov_12.000000	0.9998264731913161
NODE_408_length_80_cov_65.200000	0.1484981873628888
NODE_409_length_80_cov_24.680000	0.0021777534692319356
NODE_410_length_80_cov_11.960000	0.0008398555609043528
NODE_411_length_80_cov_3.120000	0.00017102085585261583
NODE_412_length_78_cov_75.782609	0.9991158489013072
NODE_413_length_78_cov_46.391304	0.7288063455277742
NODE_414_length_78_cov_3.956522	0.0008187087864565628
NODE_415_length_78_cov_3.130435	0.036710046967848624
NODE_416_length_78_cov_2.695652	1.4659799401536681e-09
NODE_417_length_77_cov_57.863636	0.23704963545877575
NODE_418_length_76_cov_3.000000	0.9669705236259175
NODE_419_length_75_cov_27.200000	0.9345606414919084
NODE_420_length_74_cov_119.789474	0.0001555369260584135
NODE_421_length_74_cov_101.105263	0.9999998703471037
NODE_422_length_74_cov_44.210526	0.999999652751826
NODE_423_length_74_cov_16.736842	0.0011195203108984326
NODE_424_length_71_cov_29.250000	0.00045729483422831286
NODE_425_length_71_cov_5.187500	2.932866201356304e-05
NODE_426_length_71_cov_3.000000	0.9999999994614466
NODE_427_length_69_cov_2.785714	0.9999222904910494
NODE_428_length_68_cov_21.000000	0.9988538998548714
NODE_429_length_68_cov_5.000000	0.9990123167091927
NODE_430_length_68_cov_3.846154	0.9434684881308932
NODE_431_length_68_cov_3.000000	0.01837747905859647
NODE_432_length_68_cov_3.000000	0.009110565379341174
NODE_433_length_67_cov_11.250000	0.0012289894494247583
NODE_434_length_66_cov_14.454545	0.9999899522890041
NODE_435_length_66_cov_3.000000	0.9999947928554092
NODE_436_length_65_cov_3.200000	0.9999168670316956
NODE_437_length_65_cov_3.100000	0.004924063198135858
NODE_438_length_64_cov_87.666667	0.999985430935506
NODE_439_length_64_cov_5.888889	0.5700343034457206
NODE_440_length_63_cov_33.000000	0.1943270535546468
NODE_441_length_62_cov_23.000000	2.680044409340347e-07
NODE_442_length_62_cov_16.000000	0.0006437977326166945
NODE_443_length_60_cov_28.000000	0.5335408239129564
NODE_444_length_60_cov_26.000000	0.10353155493461799
NODE_445_length_59_cov_18.000000	0.9996771496130763
NODE_446_length_59_cov_12.000000	0.9999686235770987
NODE_447_length_59_cov_10.750000	4.968704975455004e-07
NODE_448_length_58_cov_106.666667	0.9983220640095015
NODE_449_length_58_cov_93.000000	1.0
NODE_450_length_58_cov_92.000000	0.884140967480669
NODE_451_length_58_cov_61.333333	0.012724090693306161
NODE_452_length_58_cov_34.333333	0.9999998121523446
NODE_453_length_57_cov_140.000000	0.7455930972547768
NODE_454_length_57_cov_99.000000	0.9999999827470626
NODE_455_length_57_cov_93.500000	1.0
NODE_456_length_57_cov_84.500000	0.9999999999879212
NODE_457_length_57_cov_78.500000	0.9999872224246469
NODE_458_length_57_cov_66.500000	0.9996180110933269
NODE_459_length_57_cov_63.500000	0.34099203918884885
NODE_460_length_57_cov_46.500000	2.2459539860889092e-05
NODE_461_length_57_cov_37.000000	0.9999999991050452
NODE_462_length_57_cov_32.000000	0.9791008867371247
NODE_463_length_57_cov_29.000000	0.8767766673956788
NODE_464_length_56_cov_141.000000	0.9773445478786644
NODE_465_length_56_cov_127.000000	0.008673841533993351
NODE_466_length_56_cov_74.000000	0.9608556629137367
NODE_467_length_56_cov_69.000000	1.2262654712632139e-05
NODE_468_length_56_cov_68.000000	0.02487619250305385
NODE_469_length_56_cov_61.000000	0.999999708639815
NODE_470_length_56_cov_57.000000	0.996740218293952
NODE_471_length_56_cov_55.000000	0.42976998964368396
NODE_472_length_56_cov_51.000000	0.9999940148086714
NODE_473_length_56_cov_50.000000	0.6800917814488789
NODE_474_length_56_cov_49.000000	0.9997812458948909
NODE_475_length_56_cov_41.000000	0.9592002400103175
NODE_476_length_56_cov_39.000000	0.9943185376786609
NODE_477_length_56_cov_38.000000	0.9999999994350357
NODE_478_length_56_cov_37.000000	0.710598645777201
NODE_479_length_56_cov_33.000000	0.9545894964681684
NODE_480_length_56_cov_28.000000	0.12777533258417417
NODE_481_length_56_cov_26.000000	0.9422309327086822
NODE_482_length_56_cov_24.000000	0.9592751278624196
NODE_483_length_56_cov_23.000000	0.05447299458904581
NODE_484_length_56_cov_19.000000	0.9999925194444031
NODE_485_length_56_cov_11.000000	0.017057425243187877
NODE_486_length_56_cov_8.000000	0.15380900619961013
