NODE_1_length_585536_cov_81.824761	0.9998681401899367
NODE_2_length_460254_cov_7.957712	0.015237857210771654
NODE_3_length_427725_cov_82.693607	0.9957295309524651
NODE_4_length_382214_cov_7.802198	1.8792663829602614e-05
NODE_5_length_368224_cov_8.010650	0.2588050546105935
NODE_6_length_343365_cov_8.762224	0.00022730098535576288
NODE_7_length_335990_cov_89.080760	0.9873421798419327
NODE_8_length_331474_cov_7.945383	0.905198081180962
NODE_9_length_320700_cov_7.937395	1.1113232213524878e-06
NODE_10_length_310533_cov_8.114079	1.0319292081454116e-07
NODE_11_length_305556_cov_8.036592	0.6853702497569542
NODE_12_length_297105_cov_8.238199	3.297085540296074e-06
NODE_13_length_268961_cov_8.031494	8.989474004445715e-08
NODE_14_length_254316_cov_8.096295	3.4437377131786148e-12
NODE_15_length_247734_cov_8.226499	0.9999822604268784
NODE_16_length_247598_cov_93.004811	0.9999984445496024
NODE_17_length_247326_cov_8.054859	1.4704955191354897e-09
NODE_18_length_244214_cov_8.018791	2.53734302819757e-10
NODE_19_length_233246_cov_8.395907	0.11168913152654117
NODE_20_length_232340_cov_7.955916	0.35975223194940253
NODE_21_length_224135_cov_7.753967	1.5605485375356344e-09
NODE_22_length_222513_cov_121.377554	0.9999381226039943
NODE_23_length_220515_cov_7.773682	0.00019308012256823772
NODE_24_length_212297_cov_7.951485	1.4200685981981945e-09
NODE_25_length_212276_cov_7.949529	3.976557414700827e-09
NODE_26_length_207098_cov_7.776042	0.00015316370453939717
NODE_27_length_204649_cov_7.991681	6.723793034190676e-14
NODE_28_length_202366_cov_8.031862	5.1314904917673515e-14
NODE_29_length_200860_cov_7.922502	4.594799263264812e-13
NODE_30_length_200677_cov_7.656837	1.609057602094175e-10
NODE_31_length_197185_cov_7.624892	0.920063810678384
NODE_32_length_195422_cov_8.140853	0.0035555343443756967
NODE_33_length_193272_cov_7.801720	2.0585632521377696e-10
NODE_34_length_192869_cov_8.049763	0.18941634812607167
NODE_35_length_191799_cov_7.931450	1.280562722534705e-11
NODE_36_length_184723_cov_8.091407	1.8110780390821673e-09
NODE_37_length_182941_cov_7.998021	0.000515117678471141
NODE_38_length_176379_cov_7.972766	2.7178930155137774e-13
NODE_39_length_175151_cov_28.494494	1.6269352968116706e-05
NODE_40_length_174056_cov_8.333682	0.0002282017915113017
NODE_41_length_173970_cov_8.037277	0.19475964238324717
NODE_42_length_173270_cov_7.982109	3.3015405763523226e-05
NODE_43_length_172935_cov_7.977140	1.8410554170062654e-09
NODE_44_length_171581_cov_8.160704	0.00018574513538749198
NODE_45_length_169130_cov_7.862452	1.0213431426024512e-07
NODE_46_length_167504_cov_7.552055	2.2764307549519814e-13
NODE_47_length_167328_cov_7.762323	2.0633603152114594e-06
NODE_48_length_163615_cov_81.192596	0.9999999999999998
NODE_49_length_161942_cov_214.528313	0.9903234715318379
NODE_50_length_160755_cov_7.966397	1.998558169139258e-06
NODE_51_length_159360_cov_7.933718	1.794606872491448e-13
NODE_52_length_157278_cov_7.885500	0.9775809362149019
NODE_53_length_154268_cov_8.228470	5.735247731552817e-10
NODE_54_length_149871_cov_7.994233	0.9325981909685349
NODE_55_length_148668_cov_7.851393	3.582771177576843e-10
NODE_56_length_145116_cov_7.881491	7.335007785186785e-06
NODE_57_length_145080_cov_8.075001	2.6369312200849093e-11
NODE_58_length_143997_cov_163.747829	0.9999999999999993
NODE_59_length_143412_cov_8.245931	0.005736814229784044
NODE_60_length_138577_cov_8.110842	0.9678291055888119
NODE_61_length_137627_cov_8.094082	7.299853632894822e-07
NODE_62_length_137361_cov_8.391622	2.7669894502909546e-09
NODE_63_length_137111_cov_7.857401	2.9527989557383065e-07
NODE_64_length_136684_cov_7.779886	0.9983091531338024
NODE_65_length_132711_cov_8.109290	2.127580213217152e-11
NODE_66_length_131355_cov_7.941653	5.584937224282938e-06
NODE_67_length_129607_cov_7.990807	0.046455049803576474
NODE_68_length_129084_cov_8.048508	0.9597019391820104
NODE_69_length_128628_cov_8.079597	1.4751240216346397e-06
NODE_70_length_127405_cov_7.903078	1.0190235413204204e-07
NODE_71_length_125006_cov_7.933734	7.891003453675574e-08
NODE_72_length_124842_cov_8.288732	4.631108620488277e-08
NODE_73_length_124724_cov_8.136939	0.00043297623248912844
NODE_74_length_122323_cov_8.013356	5.351430331620038e-09
NODE_75_length_118713_cov_8.153424	0.9873402212057104
NODE_76_length_118292_cov_8.227543	0.9999999948551006
NODE_77_length_116965_cov_90.822573	0.999463794391554
NODE_78_length_113449_cov_7.791047	7.477812623865439e-10
NODE_79_length_112827_cov_7.915768	0.9999937013991856
NODE_80_length_108987_cov_7.964492	0.9999308482681756
NODE_81_length_108286_cov_8.090482	0.003336891995917917
NODE_82_length_102758_cov_123.987001	0.9999994964255265
NODE_83_length_102416_cov_8.156114	8.264688604878589e-06
NODE_84_length_100805_cov_7.599940	0.9999103898531143
NODE_85_length_100339_cov_82.994436	0.9999801645586256
NODE_86_length_99797_cov_7.695254	3.415303328832593e-08
NODE_87_length_99303_cov_8.192830	0.00013539572589357082
NODE_88_length_98295_cov_81.403899	0.9999851371895074
NODE_89_length_97630_cov_7.675357	0.003941824181128792
NODE_90_length_96721_cov_8.012404	0.07205605304540813
NODE_91_length_96711_cov_8.122610	2.5817892931499786e-06
NODE_92_length_96685_cov_150.260933	0.9997173620264678
NODE_93_length_96324_cov_7.718653	8.714399229971506e-08
NODE_94_length_95764_cov_8.118923	6.269362902083888e-17
NODE_95_length_95686_cov_7.860390	7.923046844422782e-10
NODE_96_length_94658_cov_8.268712	0.0005518355255639167
NODE_97_length_92006_cov_7.800807	4.62681297658413e-13
NODE_98_length_91917_cov_8.180902	1.3665619848041085e-13
NODE_99_length_90556_cov_7.822565	0.09733956130689866
NODE_100_length_86450_cov_7.937705	4.390585523242777e-07
NODE_101_length_85376_cov_8.239777	3.1186608492753345e-21
NODE_102_length_85044_cov_7.994540	0.00013984184935143847
NODE_103_length_84405_cov_8.091855	9.702853920969677e-13
NODE_104_length_82433_cov_7.700066	2.4179562257317296e-11
NODE_105_length_80952_cov_106.303905	0.3147282614463818
NODE_106_length_80845_cov_8.055155	4.8734423990985935e-14
NODE_107_length_80653_cov_7.684372	6.059967630027971e-09
NODE_108_length_80254_cov_7.797292	0.00350718875727924
NODE_109_length_79826_cov_7.853618	6.632013843302873e-09
NODE_110_length_79795_cov_8.184776	1.4317927339152922e-09
NODE_111_length_78708_cov_84.335639	0.9999999981304155
NODE_112_length_78508_cov_7.629855	0.19992404811401188
NODE_113_length_78484_cov_125.061903	0.9999907559772063
NODE_114_length_77668_cov_8.041411	0.0037232737412199964
NODE_115_length_75860_cov_8.381334	1.5741349301945363e-16
NODE_116_length_74508_cov_96.036614	1.0
NODE_117_length_73370_cov_7.940844	0.053096937092680936
NODE_118_length_73347_cov_8.167999	0.00013062018878482056
NODE_119_length_73127_cov_122.676867	0.9999999980534497
NODE_120_length_72755_cov_7.992820	4.91342075906932e-14
NODE_121_length_72514_cov_108.098511	5.115524556733586e-10
NODE_122_length_71758_cov_246.867872	1.0
NODE_123_length_71156_cov_7.807935	0.5521780169600724
NODE_124_length_70845_cov_8.181805	0.08190522894090485
NODE_125_length_70182_cov_8.014959	6.451247459440805e-14
NODE_126_length_67818_cov_136.864705	0.999994211357758
NODE_127_length_67404_cov_7.800071	0.0008829834244386353
NODE_128_length_67364_cov_81.613558	0.9999999764916242
NODE_129_length_66515_cov_91.002949	0.9999883068218842
NODE_130_length_64964_cov_8.179097	0.9999999996994671
NODE_131_length_63320_cov_161.814510	0.9975565111799447
NODE_132_length_62275_cov_232.967149	0.999999977708804
NODE_133_length_61700_cov_8.362771	2.7162600343256293e-06
NODE_134_length_61283_cov_7.785360	5.339512552321614e-24
NODE_135_length_60007_cov_8.024553	0.9999999634552077
NODE_136_length_59935_cov_8.294255	6.488596152686818e-11
NODE_137_length_59682_cov_8.004478	7.377879429696883e-11
NODE_138_length_58677_cov_136.094981	0.9990815927815897
NODE_139_length_57629_cov_7.064943	0.9999999999999687
NODE_140_length_56990_cov_7.748362	4.133492024054806e-18
NODE_141_length_55448_cov_7.788385	0.9999999991108857
NODE_142_length_55219_cov_7.837521	0.11805852283933582
NODE_143_length_54537_cov_8.105117	0.7624912633154189
NODE_144_length_53637_cov_8.266115	0.8691024233195174
NODE_145_length_52106_cov_7.782252	0.7835949017560291
NODE_146_length_51354_cov_7.988304	0.8084211105617205
NODE_147_length_51125_cov_7.536166	0.8295618472526883
NODE_148_length_50938_cov_7.434153	0.3924403991356371
NODE_149_length_50521_cov_7.670848	0.8137762238393962
NODE_150_length_50242_cov_8.073983	0.43547312413029177
NODE_151_length_49569_cov_7.878358	0.37578541874829574
NODE_152_length_49443_cov_7.988560	0.20794935790688776
NODE_153_length_49421_cov_8.322712	0.23257509683925226
NODE_154_length_48748_cov_171.734233	0.9925363584983036
NODE_155_length_47495_cov_7.827487	0.7867326845062309
NODE_156_length_46889_cov_8.126062	0.40966158171155304
NODE_157_length_46691_cov_7.797431	0.4185253195107497
NODE_158_length_45997_cov_7.530560	0.9010725933252989
NODE_159_length_45856_cov_124.271370	0.9950729361972995
NODE_160_length_44742_cov_8.055139	0.2710019155689434
NODE_161_length_44651_cov_7.918692	0.4596969796820955
NODE_162_length_42356_cov_7.543935	0.7030601301024633
NODE_163_length_40894_cov_8.178457	0.46942649475913684
NODE_164_length_40833_cov_90.479327	0.994306872254204
NODE_165_length_40734_cov_7.931095	0.9377540776278245
NODE_166_length_40616_cov_83.687902	0.8758486993656683
NODE_167_length_40550_cov_81.358933	0.6671291342393534
NODE_168_length_40346_cov_7.764662	0.3877369119753937
NODE_169_length_40017_cov_8.233197	0.6387769074919368
NODE_170_length_39709_cov_210.497251	0.9711316115346103
NODE_171_length_39310_cov_7.698866	0.38524693203010296
NODE_172_length_38070_cov_9.080942	0.9539173024495949
NODE_173_length_37709_cov_7.770356	0.22112287360052577
NODE_174_length_37292_cov_7.910385	0.27694347274611936
NODE_175_length_37154_cov_8.061538	0.8332453241749211
NODE_176_length_36903_cov_89.970093	0.9815368587979691
NODE_177_length_36864_cov_82.246923	0.6807019920549827
NODE_178_length_36651_cov_7.920838	0.7814783038860268
NODE_179_length_36543_cov_163.530805	0.9572416791698163
NODE_180_length_36480_cov_7.995251	0.9415751905299148
NODE_181_length_36333_cov_82.806081	0.9594114601204294
NODE_182_length_36316_cov_7.929677	0.40256506084749755
NODE_183_length_36083_cov_8.253053	0.8904585202083177
NODE_184_length_35558_cov_7.937132	0.543842365009522
NODE_185_length_33464_cov_8.454937	0.32077725317560885
NODE_186_length_32994_cov_8.365038	0.5748215762236334
NODE_187_length_32262_cov_8.643307	0.5358530061170272
NODE_188_length_31978_cov_12.231244	0.8174134632103174
NODE_189_length_30952_cov_7.398323	0.8142666891992331
NODE_190_length_30928_cov_8.135296	0.03838850607144467
NODE_191_length_30099_cov_8.258088	0.4820094485071428
NODE_192_length_29513_cov_7.706056	0.5727221718174444
NODE_193_length_28363_cov_7.930585	0.5035634144091009
NODE_194_length_28362_cov_8.194687	0.5861806274983771
NODE_195_length_28189_cov_7.529146	0.9544795798953051
NODE_196_length_28169_cov_7.931386	0.9374345739461687
NODE_197_length_26803_cov_8.089951	0.9572425146098393
NODE_198_length_26580_cov_7.641056	0.9696713027431398
NODE_199_length_26433_cov_8.646789	0.9472953421601111
NODE_200_length_26391_cov_7.692968	0.9765845051356936
NODE_201_length_26070_cov_120.190236	0.9901734256532547
NODE_202_length_25831_cov_7.863322	0.8653781285661915
NODE_203_length_25605_cov_153.927280	0.9400661605138779
NODE_204_length_25511_cov_8.215234	0.4517497114611327
NODE_205_length_25152_cov_80.201179	0.9843256773414685
NODE_206_length_24881_cov_7.518932	0.7778879939505414
NODE_207_length_24722_cov_7.946933	0.8583397255494847
NODE_208_length_24569_cov_7.930733	0.4333655928916673
NODE_209_length_24181_cov_8.289522	0.7794691167452971
NODE_210_length_24126_cov_8.128412	0.9332537922477006
NODE_211_length_23845_cov_80.248466	0.9618633974155854
NODE_212_length_23774_cov_8.342089	0.9144827674986806
NODE_213_length_23715_cov_8.272570	0.587301390060004
NODE_214_length_23569_cov_8.626010	0.9254844006160465
NODE_215_length_23516_cov_8.622650	0.4470275056245586
NODE_216_length_23431_cov_7.625342	0.2726873156681448
NODE_217_length_23422_cov_94.190311	0.9578320769526861
NODE_218_length_23256_cov_150.858110	0.9723484823299181
NODE_219_length_22753_cov_7.329060	0.949487713498637
NODE_220_length_22455_cov_79.919464	0.9430576722461552
NODE_221_length_22058_cov_8.873381	0.9505650345316655
NODE_222_length_22012_cov_8.587557	0.9465639493758161
NODE_223_length_21579_cov_83.683609	0.9582331797167023
NODE_224_length_21572_cov_7.924060	0.9418980314751748
NODE_225_length_21212_cov_8.114336	0.8705877367252249
NODE_226_length_21109_cov_114.085922	0.986592453582221
NODE_227_length_21071_cov_8.202750	0.036600413727813454
NODE_228_length_20971_cov_7.583525	0.3151436650721284
NODE_229_length_20595_cov_9.186563	0.5161096731465894
NODE_230_length_20530_cov_7.080049	0.7835951824522779
NODE_231_length_19825_cov_7.462013	0.7009434176299955
NODE_232_length_19359_cov_164.274814	0.9852028925978735
NODE_233_length_19108_cov_7.452265	0.6287607649972909
NODE_234_length_18845_cov_9.317456	0.9484056293026285
NODE_235_length_18829_cov_7.420209	0.24853475298468936
NODE_236_length_18729_cov_7.341598	0.9960212529093164
NODE_237_length_18588_cov_8.261749	0.9696774239743943
NODE_238_length_18515_cov_7.166035	0.984945402415031
NODE_239_length_18129_cov_8.432057	0.3892660786295265
NODE_240_length_18102_cov_6.903419	0.9900218517249911
NODE_241_length_17940_cov_8.067263	0.9689862421013388
NODE_242_length_17589_cov_8.088000	0.6133954971806784
NODE_243_length_17513_cov_7.993012	0.5572122294929186
NODE_244_length_17262_cov_152.143081	0.7498600810835191
NODE_245_length_16654_cov_8.932526	0.9937637203274874
NODE_246_length_16339_cov_139.392840	0.9679163274714478
NODE_247_length_16016_cov_94.374851	0.9939146948937073
NODE_248_length_16004_cov_7.127594	0.805126670317896
NODE_249_length_15990_cov_8.014685	0.9109776830156343
NODE_250_length_15547_cov_9.313065	0.9419058601372244
NODE_251_length_15348_cov_102.374289	0.8178761950665288
NODE_252_length_15344_cov_84.847014	0.8689687705461844
NODE_253_length_15277_cov_79.381290	0.8507628137169487
NODE_254_length_15222_cov_7.591020	0.23212304589065327
NODE_255_length_15195_cov_8.634478	0.13866590405509596
NODE_256_length_14734_cov_9.221609	0.8489489772130571
NODE_257_length_14592_cov_8.851207	0.9618961239369166
NODE_258_length_14468_cov_7.517935	0.6117320961188867
NODE_259_length_14437_cov_8.286678	0.21897080674733507
NODE_260_length_14378_cov_77.379320	0.8876279393967627
NODE_261_length_13989_cov_6.912660	0.30781704977459035
NODE_262_length_13671_cov_8.875661	0.8958083384376464
NODE_263_length_13668_cov_81.979285	0.9498409326916823
NODE_264_length_13567_cov_7.482534	0.9156934738692837
NODE_265_length_13462_cov_7.545536	0.41299443439241984
NODE_266_length_13102_cov_8.080632	0.2084640459103337
NODE_267_length_13079_cov_8.472896	0.48010547023150396
NODE_268_length_12892_cov_171.035055	0.8650759941338828
NODE_269_length_12772_cov_8.229063	0.9620102326881841
NODE_270_length_12358_cov_7.923515	0.8432688575824225
NODE_271_length_12272_cov_7.553491	0.5706486444440396
NODE_272_length_12239_cov_8.247045	0.7020534544514296
NODE_273_length_11847_cov_6.550882	0.9777156485989285
NODE_274_length_11756_cov_7.420391	0.33811167406439885
NODE_275_length_11753_cov_9.025987	0.9841811895053503
NODE_276_length_11723_cov_7.788053	0.8949529177682973
NODE_277_length_11638_cov_8.608219	0.5723611839758407
NODE_278_length_11627_cov_7.960940	0.10393351597088395
NODE_279_length_11581_cov_101.714819	0.9475319383944373
NODE_280_length_11557_cov_7.988350	0.9678918804448676
NODE_281_length_10928_cov_8.321898	0.9489387567761893
NODE_282_length_10756_cov_81.950939	0.9829987784430357
NODE_283_length_10446_cov_7.377442	0.3900230804657274
NODE_284_length_10288_cov_8.932473	0.9576536147924984
NODE_285_length_10236_cov_8.974069	0.9806038360550525
NODE_286_length_10130_cov_6.817469	0.9913075420144514
NODE_287_length_10108_cov_101.279916	0.980773418974099
NODE_288_length_9705_cov_7.299171	0.7355238811322999
NODE_289_length_9695_cov_8.101867	0.690308818343466
NODE_290_length_9474_cov_8.484659	0.9658019244623998
NODE_291_length_9458_cov_99.905243	0.9305706885118785
NODE_292_length_9427_cov_208.453585	0.8263826650891853
NODE_293_length_9412_cov_8.900609	0.850679595580146
NODE_294_length_9251_cov_10.411701	0.6790523197043072
NODE_295_length_9222_cov_7.758809	0.7385736286155022
NODE_296_length_9105_cov_7.932044	0.925310573839553
NODE_297_length_8942_cov_7.473838	0.1444030869252774
NODE_298_length_8655_cov_7.323140	0.8456248090222664
NODE_299_length_8509_cov_7.942512	0.9938224863888565
NODE_300_length_8506_cov_7.885576	0.4867679840816139
NODE_301_length_8331_cov_137.647656	0.7902037960329736
NODE_302_length_8152_cov_160.896875	0.9975009156483208
NODE_303_length_8097_cov_8.219846	0.8753365677518316
NODE_304_length_8080_cov_8.238754	0.9726668829306114
NODE_305_length_7947_cov_8.125443	0.9617950457478048
NODE_306_length_7466_cov_8.391580	0.9968128463817303
NODE_307_length_7437_cov_10.185587	0.9968717259153375
NODE_308_length_6863_cov_8.595770	0.9838936667274442
NODE_309_length_6750_cov_8.611501	0.2262684680818183
NODE_310_length_6560_cov_9.415680	0.9580751755694354
NODE_311_length_6487_cov_8.666667	0.7610506184737603
NODE_312_length_5695_cov_94.718794	0.9909995131192813
NODE_313_length_5600_cov_8.567178	0.7660045673765998
NODE_314_length_5560_cov_8.526794	0.10643560163608691
NODE_315_length_5530_cov_42.620457	0.1958315379086348
NODE_316_length_5496_cov_11.342217	0.7113191714265323
NODE_317_length_5492_cov_7.892772	0.7051996077174116
NODE_318_length_5410_cov_6.430999	0.2732796470020857
NODE_319_length_5147_cov_9.178712	0.8781650130355219
NODE_320_length_5131_cov_81.889874	0.744598490756526
NODE_321_length_4957_cov_82.993064	0.7559547685144169
NODE_322_length_4871_cov_9.058762	0.8025621035420643
NODE_323_length_4740_cov_6.303949	0.6825814427761465
NODE_324_length_4707_cov_187.789983	0.8226057714783863
NODE_325_length_4680_cov_71.104216	0.6129133970111182
NODE_326_length_4676_cov_22.970569	0.6346507570555611
NODE_327_length_4602_cov_9.850231	0.9434430278425184
NODE_328_length_4515_cov_6.482735	0.7080319202540017
NODE_329_length_4499_cov_8.716922	0.6961293767565173
NODE_330_length_4496_cov_7.396983	0.5344868111359669
NODE_331_length_4366_cov_7.486430	0.8126517020024804
NODE_332_length_4315_cov_6.555869	0.7963477632992991
NODE_333_length_4237_cov_162.640124	0.778579840837996
NODE_334_length_4229_cov_12.733349	0.934096273243396
NODE_335_length_3999_cov_8.032454	0.8569881266664744
NODE_336_length_3994_cov_8.106118	0.6183149882983378
NODE_337_length_3893_cov_73.630016	0.857606328194432
NODE_338_length_3878_cov_12.814020	0.6655265070064021
NODE_339_length_3706_cov_6.457957	0.49119101177980495
NODE_340_length_3629_cov_203.902350	0.5577732190142403
NODE_341_length_3564_cov_6.740382	0.9383988243898498
NODE_342_length_3527_cov_271.063372	0.8639064824267211
NODE_343_length_3232_cov_16.183506	0.6393288743351246
NODE_344_length_3184_cov_265.742090	0.8511569019614545
NODE_345_length_3111_cov_7.902160	0.5897632061948755
NODE_346_length_3089_cov_140.987146	0.7697556393905505
NODE_347_length_3027_cov_403.669919	0.8807896722880852
NODE_348_length_3001_cov_8.261371	0.8088686322752207
NODE_349_length_2871_cov_246.774503	0.7988713537747569
NODE_350_length_2864_cov_260.606622	0.7362340948198971
NODE_351_length_2808_cov_79.567381	0.7805068719902224
NODE_352_length_2805_cov_10.149818	0.7517347414406834
NODE_353_length_2795_cov_6.468248	0.5368781661573464
NODE_354_length_2780_cov_6.815780	0.7113280502935251
NODE_355_length_2574_cov_247.497023	0.8707278367421346
NODE_356_length_2523_cov_10.436386	0.7281907314086702
NODE_357_length_2486_cov_29.244755	0.8850821094567485
NODE_358_length_2338_cov_7.889181	0.760601662662157
NODE_359_length_2283_cov_7.771095	0.767581862746019
NODE_360_length_2237_cov_59.631072	0.4999448636590984
NODE_361_length_2193_cov_610.474743	0.5928130559095116
NODE_362_length_2187_cov_95.720450	0.3853926679942271
NODE_363_length_2179_cov_81.310734	0.7104061374012468
NODE_364_length_2103_cov_15.354004	0.5412419275797582
NODE_365_length_2084_cov_9.679152	0.3262410560114026
NODE_366_length_2030_cov_94.937722	0.9238616006623794
NODE_367_length_2015_cov_9.730612	0.9400053369388416
NODE_368_length_1980_cov_13.343896	0.6223248452886421
NODE_369_length_1954_cov_94.961559	0.8192603354047001
NODE_370_length_1946_cov_398.288736	0.8851186398444159
NODE_371_length_1916_cov_6.696400	0.8248239607445167
NODE_372_length_1884_cov_9.286495	0.9483331952848446
NODE_373_length_1877_cov_9.169594	0.6963906979666564
NODE_374_length_1849_cov_15.379041	0.5512644994241775
NODE_375_length_1691_cov_41.284841	0.9586646005211824
NODE_376_length_1671_cov_381.223391	0.9255026852630203
NODE_377_length_1667_cov_3.233251	0.6595194094802056
NODE_378_length_1661_cov_14.409091	0.9391519647479579
NODE_379_length_1646_cov_28.149591	0.5274310047109051
NODE_380_length_1636_cov_7.127135	0.5847498163710751
NODE_381_length_1628_cov_171.965035	0.6403688742179751
NODE_382_length_1609_cov_7.902188	0.6628419228652975
NODE_383_length_1606_cov_390.106383	0.9404581234693318
NODE_384_length_1526_cov_21.658056	0.8099613946717413
NODE_385_length_1516_cov_7.598905	0.6203024002667867
NODE_386_length_1425_cov_528.335036	0.48175256612095013
NODE_387_length_1422_cov_6.887345	0.041166178629749965
NODE_388_length_1418_cov_11.346295	0.989347065211276
NODE_389_length_1390_cov_168.272659	0.8957969925860907
NODE_390_length_1375_cov_19.102273	0.9815016098688398
NODE_391_length_1372_cov_376.227031	0.5857672967845265
NODE_392_length_1361_cov_24.398162	0.7959864462974451
NODE_393_length_1345_cov_416.717054	0.6532944599768203
NODE_394_length_1326_cov_16.583792	0.828801938588342
NODE_395_length_1325_cov_7.966142	0.7929906705289536
NODE_396_length_1320_cov_14.314625	0.8640933500008517
NODE_397_length_1318_cov_38.572447	0.7631481824551629
NODE_398_length_1306_cov_7.191047	0.859177915748764
NODE_399_length_1270_cov_6.531687	0.46344398344140536
NODE_400_length_1223_cov_36.245719	0.6286180172991659
NODE_401_length_1125_cov_18.092523	0.881369327819187
NODE_402_length_1095_cov_6.883654	0.691251823497832
NODE_403_length_1047_cov_10.339718	0.626093056092947
NODE_404_length_1012_cov_23.723093	0.17028003182520138
NODE_405_length_1006_cov_193.507886	0.7046213882750776
NODE_406_length_992_cov_44.315902	0.8195837095482182
NODE_407_length_991_cov_94.630342	0.12566223862711845
NODE_408_length_901_cov_30.322695	0.4669146106320307
NODE_409_length_898_cov_11.035587	0.634551592509831
NODE_410_length_869_cov_7.893120	0.8923350641632134
NODE_411_length_851_cov_7.085427	0.4625541320444083
NODE_412_length_841_cov_10.936387	0.5332260566192194
NODE_413_length_800_cov_37.680537	0.9303190208497909
NODE_414_length_788_cov_9.173261	0.9581251349970101
NODE_415_length_762_cov_86.732673	0.9131228853333608
NODE_416_length_761_cov_10.596317	0.993442593156519
NODE_417_length_738_cov_2.909224	0.7115655823721306
NODE_418_length_733_cov_8.401180	0.8907233838356399
NODE_419_length_727_cov_165.565476	0.4999134857682066
NODE_420_length_718_cov_8.422323	0.37714829296489844
NODE_421_length_700_cov_10.634109	0.5897829943294107
NODE_422_length_669_cov_6.151466	0.08963428765700641
NODE_423_length_667_cov_16.826797	0.976749896552459
NODE_424_length_666_cov_9.093290	0.9563036560212659
NODE_425_length_653_cov_7.789298	0.8439527076512557
NODE_426_length_633_cov_9.586505	0.35664471390689256
NODE_427_length_599_cov_2.461397	0.8797129116546699
NODE_428_length_584_cov_5.676749	0.793810703173036
NODE_429_length_581_cov_9.543726	0.7729057500186559
NODE_430_length_543_cov_4.377049	0.9135343393576616
NODE_431_length_542_cov_145.197125	0.951953813279281
NODE_432_length_508_cov_93.077263	0.5418657939451248
NODE_433_length_471_cov_24.100962	0.2794441498290901
NODE_434_length_466_cov_4.615572	0.6307757061879944
NODE_435_length_458_cov_2.595533	0.39257112247311854
NODE_436_length_457_cov_2.741294	0.24032841089778303
NODE_437_length_452_cov_79.405542	0.5405028303406385
NODE_438_length_430_cov_9.800000	0.9144361621562419
NODE_439_length_415_cov_8.130556	0.9170275351815829
NODE_440_length_413_cov_11.893855	0.6063562303578159
NODE_441_length_392_cov_8.115727	0.230846377172196
NODE_442_length_384_cov_20.255319	0.20743837928057135
NODE_443_length_378_cov_10.015480	0.9926408490519425
NODE_444_length_372_cov_92.454259	0.8654415621917365
NODE_445_length_366_cov_14.324759	0.9651501748913254
NODE_446_length_362_cov_1.664495	0.7469846689027755
NODE_447_length_355_cov_10.370000	0.6431428393247586
NODE_448_length_351_cov_13.364865	0.9786300708612705
NODE_449_length_331_cov_24.518116	0.7869790632092849
NODE_450_length_317_cov_7.099237	0.9429497582407983
NODE_451_length_310_cov_26.988235	0.9622045237660307
NODE_452_length_290_cov_96.676596	0.46309497278162726
NODE_453_length_279_cov_6.642857	0.7116193250842838
NODE_454_length_278_cov_11.278027	0.02946706263531398
NODE_455_length_273_cov_7.990826	0.989713375095037
NODE_456_length_272_cov_6.267281	0.5642484250024331
NODE_457_length_256_cov_16.457711	0.6699630553867407
NODE_458_length_243_cov_4.170213	0.9987002287032215
NODE_459_length_236_cov_4.773481	0.8724080119926451
NODE_460_length_233_cov_87.910112	0.9703893472397757
NODE_461_length_233_cov_15.842697	0.25458271040249597
NODE_462_length_230_cov_13.714286	0.9999925033486674
NODE_463_length_229_cov_7.620690	0.9633060639831246
NODE_464_length_224_cov_85.994083	0.9319968976221081
NODE_465_length_211_cov_77.564103	0.000753515986688314
NODE_466_length_210_cov_11.464516	0.10000788821365528
NODE_467_length_192_cov_7.459854	0.00221628624184409
NODE_468_length_192_cov_7.000000	0.23316631001419222
NODE_469_length_192_cov_6.897810	0.7497721937395082
NODE_470_length_186_cov_6.908397	0.7381066526906894
NODE_471_length_181_cov_8.047619	0.9989876460781072
NODE_472_length_175_cov_11.275000	0.8624946798597812
NODE_473_length_169_cov_28.964912	0.433816759511996
NODE_474_length_168_cov_9.699115	0.016341588925402287
NODE_475_length_168_cov_7.026549	0.9378345277376368
NODE_476_length_167_cov_13.598214	0.25615048274239943
NODE_477_length_164_cov_5.577982	0.01651771332927859
NODE_478_length_162_cov_5.149533	0.0012311787506067249
NODE_479_length_161_cov_4.311321	0.07981120699054055
NODE_480_length_143_cov_10.181818	0.8991873368789833
NODE_481_length_142_cov_12.816092	0.9999770553463617
NODE_482_length_141_cov_6.534884	0.03395609550986161
NODE_483_length_141_cov_2.767442	0.9997338509326201
NODE_484_length_140_cov_14.223529	0.8367994929158485
NODE_485_length_140_cov_8.211765	0.6281374665615929
NODE_486_length_139_cov_13.714286	0.9651808036976534
NODE_487_length_135_cov_5.612500	0.0043272142139158245
NODE_488_length_133_cov_8.717949	0.9345302226131733
NODE_489_length_133_cov_5.564103	0.2149202833364874
NODE_490_length_132_cov_2.831169	0.9405437552785589
NODE_491_length_125_cov_68.400000	0.9999919129926161
NODE_492_length_124_cov_81.420290	0.00026379411326111585
NODE_493_length_122_cov_28.805970	0.9998828536706813
NODE_494_length_119_cov_21.828125	0.9988349616147711
NODE_495_length_116_cov_7.606557	0.8954656567244393
NODE_496_length_114_cov_17.677966	0.8033943568120876
NODE_497_length_112_cov_83.649123	1.0823739165902015e-05
NODE_498_length_111_cov_4.392857	0.002848833661659742
NODE_499_length_110_cov_83.654545	0.9996126284874236
NODE_500_length_109_cov_79.185185	0.0013461177783188685
NODE_501_length_109_cov_17.703704	0.997491772177219
NODE_502_length_106_cov_98.627451	0.7693203198510762
NODE_503_length_106_cov_81.450980	0.9959984984747583
NODE_504_length_103_cov_4.208333	0.9966674582340151
NODE_505_length_102_cov_22.553191	0.9998743404466514
NODE_506_length_102_cov_10.808511	0.47442231106697874
NODE_507_length_102_cov_8.914894	0.606241893125291
NODE_508_length_101_cov_87.521739	0.9449848970808532
NODE_509_length_97_cov_80.190476	0.014613333023149407
NODE_510_length_95_cov_20.525000	0.019352292851127096
NODE_511_length_95_cov_14.850000	0.999548054463156
NODE_512_length_94_cov_1.025641	0.01083957179242553
NODE_513_length_92_cov_253.486486	0.9999270355346958
NODE_514_length_92_cov_13.081081	0.8979165332725003
NODE_515_length_92_cov_5.486486	0.8155682088649494
NODE_516_length_92_cov_5.189189	0.656604809205631
NODE_517_length_91_cov_260.444444	0.9998587657015167
NODE_518_length_91_cov_95.222222	0.999968981021757
NODE_519_length_90_cov_493.342857	0.9967227363809897
NODE_520_length_90_cov_4.114286	0.8928407082160404
NODE_521_length_90_cov_3.542857	0.011015580363844061
NODE_522_length_90_cov_2.885714	0.9982970003600742
NODE_523_length_90_cov_2.857143	0.17146203035517016
NODE_524_length_90_cov_2.542857	0.09052818064636002
NODE_525_length_90_cov_2.514286	0.027137780553242345
NODE_526_length_89_cov_4.235294	0.9954603061105156
NODE_527_length_88_cov_3.000000	0.9849987157503479
NODE_528_length_88_cov_2.818182	0.01395793529963099
NODE_529_length_87_cov_276.812500	0.9999493431445974
NODE_530_length_87_cov_272.406250	0.999989620956209
NODE_531_length_87_cov_3.531250	0.09713084860337527
NODE_532_length_87_cov_3.406250	0.009333230784361376
NODE_533_length_86_cov_6.741935	4.646815829983504e-05
NODE_534_length_86_cov_3.000000	3.54038760820671e-06
NODE_535_length_84_cov_76.517241	0.0352594818629891
NODE_536_length_84_cov_5.517241	6.0531484557279255e-06
NODE_537_length_84_cov_3.344828	0.9053610771406022
NODE_538_length_84_cov_2.827586	0.0019038869923661945
NODE_539_length_83_cov_91.821429	0.002403211399212789
NODE_540_length_83_cov_3.000000	0.5367088493386264
NODE_541_length_81_cov_95.884615	0.9999982936211139
NODE_542_length_81_cov_94.923077	0.9999710014089993
NODE_543_length_81_cov_85.961538	0.9998409385879281
NODE_544_length_81_cov_84.961538	0.9999683638387388
NODE_545_length_81_cov_81.269231	0.9998264731913161
NODE_546_length_81_cov_21.384615	0.02653048003683638
NODE_547_length_81_cov_6.000000	0.9962839981695933
NODE_548_length_81_cov_3.000000	0.9999989559970847
NODE_549_length_81_cov_3.000000	0.0007255141556498088
NODE_550_length_81_cov_3.000000	0.9999995472514038
NODE_551_length_81_cov_2.923077	0.10424296592591115
NODE_552_length_81_cov_2.923077	0.5295591175375187
NODE_553_length_80_cov_360.800000	0.1484981873628888
NODE_554_length_80_cov_192.680000	0.0015947613581921434
NODE_555_length_80_cov_83.000000	0.021073699341044864
NODE_556_length_80_cov_14.800000	0.0021777534692319356
NODE_557_length_78_cov_92.739130	0.7801673060746901
NODE_558_length_78_cov_4.000000	0.20189496197126913
NODE_559_length_78_cov_2.652174	0.9975826933979068
NODE_560_length_77_cov_349.590909	0.23704963545877575
NODE_561_length_77_cov_28.318182	0.17923255917188943
NODE_562_length_76_cov_93.095238	0.6824888864322936
NODE_563_length_76_cov_88.238095	0.0033451775177876482
NODE_564_length_76_cov_3.428571	0.0002986679114229756
NODE_565_length_76_cov_2.809524	0.022521892828261947
NODE_566_length_75_cov_29.650000	0.9345606414919084
NODE_567_length_75_cov_4.750000	0.9999995385013085
NODE_568_length_75_cov_2.950000	0.054254973598708456
NODE_569_length_75_cov_2.750000	0.9964456852427944
NODE_570_length_74_cov_261.315789	0.999999652751826
NODE_571_length_74_cov_87.684211	0.0011195203108984326
NODE_572_length_74_cov_16.526316	0.0661846610689286
NODE_573_length_72_cov_15.882353	0.8354829470894669
NODE_574_length_72_cov_2.823529	0.36379702553565607
NODE_575_length_72_cov_2.647059	1.3188355187119301e-05
NODE_576_length_71_cov_167.750000	0.00045729483422831286
NODE_577_length_71_cov_19.812500	0.6979482395701961
NODE_578_length_69_cov_3.000000	0.9978945043850657
NODE_579_length_69_cov_3.000000	0.7894516933523077
NODE_580_length_69_cov_3.000000	0.9998315177202854
NODE_581_length_68_cov_6.153846	0.9999999999634985
NODE_582_length_67_cov_2.666667	0.0101759364180335
NODE_583_length_66_cov_83.454545	0.9999899522890041
NODE_584_length_66_cov_6.909091	0.9999736174890235
NODE_585_length_65_cov_3.000000	0.9757598377430508
NODE_586_length_65_cov_3.000000	0.9998819967081174
NODE_587_length_64_cov_285.222222	0.999985430935506
NODE_588_length_63_cov_3.000000	0.010078172942723288
NODE_589_length_63_cov_3.000000	0.9969908456498441
NODE_590_length_63_cov_3.000000	0.007053379560266286
NODE_591_length_62_cov_91.000000	0.0006437977326166945
NODE_592_length_62_cov_39.142857	0.30310378409037025
NODE_593_length_62_cov_6.142857	0.00031817826294954887
NODE_594_length_62_cov_4.000000	0.4838144564681675
NODE_595_length_62_cov_2.571429	1.8000808494831023e-06
NODE_596_length_61_cov_3.000000	0.9999692914365547
NODE_597_length_60_cov_276.200000	0.9999999992805779
NODE_598_length_60_cov_186.400000	0.5335408239129564
NODE_599_length_60_cov_165.400000	0.10353155493461799
NODE_600_length_60_cov_3.000000	2.2664317765352542e-07
NODE_601_length_59_cov_106.750000	0.9996771496130763
NODE_602_length_59_cov_79.500000	0.9999686235770987
NODE_603_length_59_cov_6.000000	4.968704975455004e-07
NODE_604_length_59_cov_3.000000	0.03641521615112778
NODE_605_length_59_cov_3.000000	0.9859239301441723
NODE_606_length_59_cov_3.000000	0.006105100700042994
NODE_607_length_58_cov_549.666667	0.884140967480669
NODE_608_length_58_cov_119.333333	1.0
NODE_609_length_58_cov_14.333333	0.31898733847584854
NODE_610_length_57_cov_434.000000	0.7455930972547768
NODE_611_length_57_cov_109.000000	0.9999999999879212
NODE_612_length_57_cov_32.000000	0.9791008867371247
NODE_613_length_57_cov_29.000000	0.8767766673956788
NODE_614_length_57_cov_26.000000	0.0002745015720521086
NODE_615_length_57_cov_22.500000	0.9397316042272806
NODE_616_length_57_cov_19.000000	2.2459539860889092e-05
NODE_617_length_57_cov_15.000000	0.5505336353085895
NODE_618_length_57_cov_13.000000	0.9994146543346382
NODE_619_length_57_cov_4.000000	0.3553357685183642
NODE_620_length_56_cov_461.000000	0.9608556629137367
NODE_621_length_56_cov_357.000000	0.008673841533993351
NODE_622_length_56_cov_225.000000	0.9998084625243309
NODE_623_length_56_cov_176.000000	0.9647355944532594
NODE_624_length_56_cov_157.000000	1.2262654712632139e-05
NODE_625_length_56_cov_48.000000	0.9999940148086714
NODE_626_length_56_cov_36.000000	0.12777533258417417
NODE_627_length_56_cov_22.000000	0.9545894964681684
NODE_628_length_56_cov_22.000000	0.04118756607847092
NODE_629_length_56_cov_21.000000	0.005968797278852428
NODE_630_length_56_cov_20.000000	0.017057425243189785
NODE_631_length_56_cov_18.000000	0.996740218293952
NODE_632_length_56_cov_16.000000	0.9999925194444031
NODE_633_length_56_cov_16.000000	0.8952243494046922
NODE_634_length_56_cov_16.000000	0.42976998964368396
NODE_635_length_56_cov_14.000000	0.9813269312036115
NODE_636_length_56_cov_14.000000	0.6800917814488789
