NODE_1_length_730050_cov_8.006833	0.006018030531799001
NODE_2_length_480846_cov_8.121726	0.0026469460418860765
NODE_3_length_333778_cov_18.655058	0.31441166646273433
NODE_4_length_267119_cov_7.943998	2.5813401652870928e-09
NODE_5_length_222872_cov_7.885229	9.432134051684734e-10
NODE_6_length_212396_cov_7.821052	1.7895833199181722e-09
NODE_7_length_186386_cov_8.164863	4.0209999093635466e-08
NODE_8_length_169165_cov_7.901603	7.461086267359329e-06
NODE_9_length_157681_cov_8.118584	0.0021710627039287682
NODE_10_length_150988_cov_8.021811	3.7249072346547645e-09
NODE_11_length_146161_cov_8.093904	0.999343275120333
NODE_12_length_144981_cov_8.081649	9.227444420675552e-06
NODE_13_length_142445_cov_8.292577	0.011597256680747375
NODE_14_length_126566_cov_7.958130	0.2021981916527567
NODE_15_length_98293_cov_80.792209	0.9999853904958903
NODE_16_length_92245_cov_8.027107	5.038125440759625e-13
NODE_17_length_73127_cov_163.327513	0.9999999980534497
NODE_18_length_73077_cov_7.982718	0.007752303612771553
NODE_19_length_67598_cov_7.784819	1.9808497021943754e-05
NODE_20_length_66753_cov_82.439398	0.999984771791377
NODE_21_length_54874_cov_8.129189	0.7997726893785855
NODE_22_length_51125_cov_7.350382	0.8170345932295721
NODE_23_length_49861_cov_7.792896	0.8982927910769387
NODE_24_length_37143_cov_327.513859	0.9796983784478799
NODE_25_length_31729_cov_89.376523	0.977647482244217
NODE_26_length_28146_cov_8.317183	0.7899448207011699
NODE_27_length_26070_cov_162.623294	0.9901734256532547
NODE_28_length_25731_cov_7.843784	0.9447646197276153
NODE_29_length_22462_cov_80.169902	0.9439240341998376
NODE_30_length_20203_cov_8.265039	0.8420176412020433
NODE_31_length_19356_cov_564.593337	0.9852591212268499
NODE_32_length_18104_cov_9.003047	0.395021547377829
NODE_33_length_16208_cov_287.383087	0.9587194420435042
NODE_34_length_14898_cov_8.277976	0.9860343393536559
NODE_35_length_14372_cov_81.541315	0.8856675988590789
NODE_36_length_13957_cov_8.189181	0.9605437299710128
NODE_37_length_13668_cov_284.763755	0.9498409326916823
NODE_38_length_11868_cov_7.580547	0.9788417597100446
NODE_39_length_11324_cov_9.419647	0.9937957360940114
NODE_40_length_10248_cov_9.472775	0.9188746035868184
NODE_41_length_9874_cov_10.754965	0.6472396070139946
NODE_42_length_9412_cov_7.986855	0.850679595580146
NODE_43_length_8152_cov_572.302705	0.9978872794619356
NODE_44_length_7649_cov_10.860416	0.9864136307883103
NODE_45_length_5958_cov_7.862443	0.9316151032753741
NODE_46_length_5695_cov_348.128723	0.9901135288179107
NODE_47_length_5636_cov_21.728364	0.7618316400481282
NODE_48_length_4957_cov_278.110363	0.7559547685144169
NODE_49_length_4827_cov_8.165968	0.7889475342393978
NODE_50_length_4692_cov_428.079362	0.8728854095555925
NODE_51_length_3514_cov_273.118531	0.8105515315614267
NODE_52_length_3499_cov_10.975029	0.8420062855936886
NODE_53_length_3486_cov_11.218304	0.8657651854254474
NODE_54_length_2779_cov_10.666667	0.9367034331279577
NODE_55_length_2433_cov_319.419260	0.824926677844995
NODE_56_length_2211_cov_12.269017	0.8981773069992206
NODE_57_length_2183_cov_14.569549	0.6105207921841632
NODE_58_length_2106_cov_11.363725	0.830075876349318
NODE_59_length_2030_cov_368.905823	0.9238616006623794
NODE_60_length_1967_cov_368.666318	0.8120967325211316
NODE_61_length_1936_cov_11.926103	0.989822372820565
NODE_62_length_1808_cov_22.027382	0.9018748662279511
NODE_63_length_1740_cov_27.486053	0.5556437683082123
NODE_64_length_1669_cov_11.123916	0.9621081461847658
NODE_65_length_1661_cov_15.265255	0.9331826381064584
NODE_66_length_1649_cov_7.173777	0.9535836590102631
NODE_67_length_1606_cov_639.478401	0.9404581234693318
NODE_68_length_1365_cov_22.541985	0.40201810119897846
NODE_69_length_1285_cov_29.887805	0.389701043878119
NODE_70_length_1187_cov_14.062721	0.813454665022124
NODE_71_length_1162_cov_11.866305	0.7231992932051029
NODE_72_length_1014_cov_12.290928	0.521049420802336
NODE_73_length_532_cov_419.155136	0.7560807516364048
NODE_74_length_395_cov_410.667647	0.922242005850609
NODE_75_length_388_cov_6.372372	0.6146571598149894
NODE_76_length_354_cov_11.471572	0.7694354629189027
NODE_77_length_336_cov_17.149466	0.9931642753022853
NODE_78_length_317_cov_18.908397	0.8801354282097206
NODE_79_length_277_cov_14.126126	0.8734755831685315
NODE_80_length_266_cov_5.099526	0.987099753669008
NODE_81_length_258_cov_6.517241	0.8542155913655249
NODE_82_length_227_cov_17.098837	0.9763702355578364
NODE_83_length_227_cov_9.360465	0.7970823901520188
NODE_84_length_192_cov_15.328467	0.681947404190009
NODE_85_length_177_cov_8.295082	0.9984285876271455
NODE_86_length_150_cov_5.326316	0.7114138018891962
NODE_87_length_147_cov_3.336957	0.998989336061818
NODE_88_length_125_cov_303.314286	0.9999919129926161
NODE_89_length_113_cov_19.293103	0.9483058079881114
NODE_90_length_110_cov_270.254545	0.9996126284874236
NODE_91_length_106_cov_267.274510	0.9959984984747583
NODE_92_length_94_cov_1643.179487	0.5750660976789004
NODE_93_length_91_cov_1390.194444	0.9934509667080064
NODE_94_length_91_cov_871.555556	0.9998587657015167
NODE_95_length_91_cov_269.944444	0.999968981021757
NODE_96_length_87_cov_847.968750	0.9999493431445974
NODE_97_length_87_cov_774.375000	0.999989620956209
NODE_98_length_86_cov_2.806452	0.9998876814085265
NODE_99_length_81_cov_318.076923	0.9998264731913161
NODE_100_length_81_cov_265.615385	0.9998409385879281
NODE_101_length_81_cov_265.230769	0.9999710014089993
NODE_102_length_81_cov_261.384615	0.9999982936211139
NODE_103_length_81_cov_260.807692	0.9999683638387388
NODE_104_length_80_cov_1099.400000	0.1484981873628888
NODE_105_length_80_cov_518.640000	0.0015947613581921434
NODE_106_length_80_cov_14.280000	0.999091084039902
NODE_107_length_77_cov_1122.727273	0.23704963545877575
NODE_108_length_76_cov_284.476190	0.6824888864322936
NODE_109_length_74_cov_860.368421	0.999999652751826
NODE_110_length_74_cov_289.842105	0.0011195203108984326
NODE_111_length_72_cov_2.823529	0.9999448880768907
NODE_112_length_71_cov_556.312500	0.00045729483422831286
NODE_113_length_68_cov_26.615385	0.9988538998548714
NODE_114_length_66_cov_309.454545	0.9999899522890041
NODE_115_length_64_cov_507.111111	0.999985430935506
NODE_116_length_62_cov_250.714286	0.0006437977326166945
NODE_117_length_60_cov_775.000000	0.9999999992805779
NODE_118_length_60_cov_581.200000	0.10353155493461799
NODE_119_length_60_cov_518.000000	0.5335408239129564
NODE_120_length_59_cov_295.500000	0.9996771496130763
NODE_121_length_59_cov_269.250000	0.9999686235770987
NODE_122_length_58_cov_1610.333333	0.884140967480669
NODE_123_length_58_cov_103.333333	1.0
NODE_124_length_57_cov_94.000000	0.9999999999879212
NODE_125_length_56_cov_1327.000000	0.9608556629137367
NODE_126_length_56_cov_533.000000	0.9647355944532594
NODE_127_length_56_cov_92.000000	0.9999998125687612
NODE_128_length_56_cov_26.000000	0.8952243494046922
