NODE_1_length_275481_cov_8.355526	3.3854200038925223e-13
NODE_2_length_270961_cov_7.781112	1.515868348321322e-07
NODE_3_length_226097_cov_8.223790	1.2881857498743293e-12
NODE_4_length_209944_cov_7.983339	0.9983514105470974
NODE_5_length_195930_cov_8.120781	1.317246337429514e-11
NODE_6_length_195306_cov_254.562174	0.9999999889108558
NODE_7_length_186739_cov_7.971803	0.003394152395627524
NODE_8_length_168947_cov_172.379740	0.9999999998507336
NODE_9_length_165207_cov_8.069536	3.770528041030928e-11
NODE_10_length_163282_cov_7.963474	3.9927111587389125e-06
NODE_11_length_159995_cov_8.261723	8.93769824946849e-12
NODE_12_length_158835_cov_8.141378	1.5735162090226253e-07
NODE_13_length_150771_cov_8.281762	5.156617809378051e-07
NODE_14_length_141999_cov_8.063525	0.01590824137918962
NODE_15_length_135188_cov_122.559427	0.9999999999900391
NODE_16_length_99661_cov_8.188412	0.9999993390251464
NODE_17_length_97656_cov_8.339843	1.0342730257741353e-17
NODE_18_length_93963_cov_7.837863	1.1191149398014474e-08
NODE_19_length_92069_cov_8.408351	0.7935104576401201
NODE_20_length_89192_cov_8.126838	3.519140633180725e-11
NODE_21_length_86565_cov_7.957704	2.3660093051001235e-07
NODE_22_length_83856_cov_8.439136	0.007385865202845743
NODE_23_length_82557_cov_119.334198	0.9999999999961118
NODE_24_length_77991_cov_8.451511	9.262185304984443e-20
NODE_25_length_77313_cov_8.492130	0.9999999999996656
NODE_26_length_76494_cov_8.065791	0.98756336829786
NODE_27_length_75839_cov_8.495012	0.008846592715946943
NODE_28_length_73306_cov_8.227396	0.9999972439657983
NODE_29_length_72161_cov_8.048387	4.46061177774048e-10
NODE_30_length_64969_cov_7.948501	1.5680255339752794e-08
NODE_31_length_64901_cov_8.029979	0.9999983797032265
NODE_32_length_63964_cov_8.645480	0.9999971911309636
NODE_33_length_63128_cov_8.173624	0.99999999999966
NODE_34_length_61098_cov_7.795341	1.637732859038504e-08
NODE_35_length_60602_cov_8.547459	1.2248508751973776e-06
NODE_36_length_59463_cov_8.192819	2.718902770385367e-07
NODE_37_length_56685_cov_7.787639	0.9999999999999998
NODE_38_length_54797_cov_7.875964	0.3094782630276225
NODE_39_length_53155_cov_131.629190	0.9915522386249662
NODE_40_length_48919_cov_9.538515	0.9895186998905894
NODE_41_length_48277_cov_7.855087	0.9854793772860608
NODE_42_length_47433_cov_207.533117	0.9717882140015855
NODE_43_length_46358_cov_8.263871	0.47336699031153173
NODE_44_length_43714_cov_8.307886	0.9647358530711898
NODE_45_length_39584_cov_7.930203	0.11549759131254994
NODE_46_length_38980_cov_123.887322	0.9483499994283061
NODE_47_length_38814_cov_8.001290	0.8756462384693212
NODE_48_length_38072_cov_8.065892	0.9238545615368426
NODE_49_length_37891_cov_241.440084	0.9875509581286865
NODE_50_length_37010_cov_8.191314	0.567316693271916
NODE_51_length_35646_cov_8.732039	0.734773104944206
NODE_52_length_35390_cov_7.659205	0.6617191537434535
NODE_53_length_35272_cov_7.423375	0.9905311568855063
NODE_54_length_34388_cov_8.262226	0.35169784466748627
NODE_55_length_33363_cov_15.455266	0.6825294436702279
NODE_56_length_32085_cov_9.402498	0.8613264930619716
NODE_57_length_30352_cov_7.981582	0.9309020609825464
NODE_58_length_30251_cov_368.394092	0.9838367636717226
NODE_59_length_30133_cov_8.589833	0.3187744615942419
NODE_60_length_28876_cov_7.393532	0.9743499276540669
NODE_61_length_28483_cov_8.196145	0.23285318539286948
NODE_62_length_24165_cov_7.322066	0.6297258642911432
NODE_63_length_22733_cov_7.785034	0.12302381791218532
NODE_64_length_22469_cov_7.784331	0.9339679523015945
NODE_65_length_21537_cov_313.911554	0.9104696633963857
NODE_66_length_20956_cov_8.181235	0.22812423135146892
NODE_67_length_20810_cov_7.668225	0.9686334737046148
NODE_68_length_20615_cov_7.582004	0.6224844823288581
NODE_69_length_20257_cov_7.975695	0.11563593619313098
NODE_70_length_20026_cov_221.032347	0.9781423698014147
NODE_71_length_19598_cov_8.803664	0.982097761628326
NODE_72_length_18716_cov_8.054070	0.324145187361176
NODE_73_length_18317_cov_8.455974	0.6392445119595147
NODE_74_length_17500_cov_8.768014	0.9144420707679252
NODE_75_length_16745_cov_8.722768	0.3135105513597161
NODE_76_length_16121_cov_9.892008	0.9276246830026901
NODE_77_length_15091_cov_7.848297	0.9959355770421353
NODE_78_length_12138_cov_7.696267	0.9625078261455878
NODE_79_length_11592_cov_474.763717	0.9986601152726279
NODE_80_length_9956_cov_7.793051	0.447116289899875
NODE_81_length_9807_cov_6.822190	0.9914354417235264
NODE_82_length_9673_cov_8.385527	0.9230161793153313
NODE_83_length_9581_cov_122.060466	0.9872831747926576
NODE_84_length_8464_cov_6.704721	0.9523277819526851
NODE_85_length_7939_cov_8.367073	0.9376017649754274
NODE_86_length_7837_cov_8.218324	0.9929158271963813
NODE_87_length_7339_cov_7.648133	0.30885240097527183
NODE_88_length_7241_cov_7.858475	0.9455605410402668
NODE_89_length_7218_cov_125.922518	0.9999519296669436
NODE_90_length_7218_cov_21.420355	0.997812025047329
NODE_91_length_6916_cov_251.232911	0.9913127578403582
NODE_92_length_6855_cov_6.850441	0.7196492031534483
NODE_93_length_6710_cov_220.058603	0.9993309338888364
NODE_94_length_6243_cov_8.074661	0.9931768116467339
NODE_95_length_6208_cov_7.204291	0.9861794744610294
NODE_96_length_5932_cov_86.887187	0.9781480719894521
NODE_97_length_5709_cov_76.386452	0.9974863038069276
NODE_98_length_5392_cov_467.085067	0.7935144497901376
NODE_99_length_5390_cov_206.859981	0.9113767675891289
NODE_100_length_5136_cov_116.296005	0.8696821852531706
NODE_101_length_5101_cov_120.078874	0.6599454855685453
NODE_102_length_4826_cov_7.793125	0.6363299237329068
NODE_103_length_4406_cov_17.353712	0.6348877089167221
NODE_104_length_4112_cov_109.437269	0.7637331752578612
NODE_105_length_4089_cov_80.036440	0.7940375937749625
NODE_106_length_3901_cov_103.553302	0.8777663546864051
NODE_107_length_3830_cov_38.892715	0.705920957819708
NODE_108_length_3807_cov_246.875533	0.6912853170402866
NODE_109_length_3283_cov_24.923792	0.5656622610096583
NODE_110_length_3253_cov_6.939650	0.8516040727533517
NODE_111_length_2701_cov_16.120181	0.48468628884274445
NODE_112_length_2517_cov_7.601543	0.7198530823750283
NODE_113_length_2468_cov_82.410692	0.8918830484053788
NODE_114_length_2322_cov_214.609175	0.42366086594740826
NODE_115_length_2217_cov_15.412581	0.8891142554932719
NODE_116_length_1919_cov_6.708155	0.13400675404860501
NODE_117_length_1840_cov_24.000560	0.512510956242058
NODE_118_length_1769_cov_10.579930	0.5340418697954517
NODE_119_length_1762_cov_9.954306	0.7581944748488767
NODE_120_length_1696_cov_8.476539	0.8981442323055847
NODE_121_length_1654_cov_39.016260	0.5340477212988187
NODE_122_length_1576_cov_7.856016	0.7654205112974412
NODE_123_length_1536_cov_10.222822	0.9594642393874069
NODE_124_length_1534_cov_7.486815	0.7497306465366277
NODE_125_length_1523_cov_367.010218	0.6145071014146137
NODE_126_length_1484_cov_213.447166	0.5563959134196389
NODE_127_length_1484_cov_5.916025	0.8200131261500033
NODE_128_length_1481_cov_6.906031	0.7503622519121084
NODE_129_length_1440_cov_15.753069	0.915732543583219
NODE_130_length_1422_cov_25.603511	0.6734806814266961
NODE_131_length_1414_cov_20.506255	0.555830244003521
NODE_132_length_1393_cov_9.459641	0.9407634815644161
NODE_133_length_1326_cov_40.942565	0.9499038829546865
NODE_134_length_1218_cov_206.615649	0.4396870578636668
NODE_135_length_1185_cov_4.640708	0.9429392865822491
NODE_136_length_941_cov_11.025959	0.868454616139356
NODE_137_length_906_cov_7.753231	0.8886270797577354
NODE_138_length_847_cov_48.267677	0.9175796849690431
NODE_139_length_847_cov_3.777778	0.9291018317291342
NODE_140_length_823_cov_21.815104	0.22770562391469198
NODE_141_length_658_cov_17.771144	0.6079635313314385
NODE_142_length_442_cov_8.901809	0.9852269649999025
NODE_143_length_430_cov_6.637333	0.5606847335209438
NODE_144_length_369_cov_1.248408	0.8904862845034968
NODE_145_length_345_cov_11.834483	0.9527153739134918
NODE_146_length_345_cov_8.637931	0.6185612312770594
NODE_147_length_326_cov_6.837638	0.2829222631561989
NODE_148_length_246_cov_24.879581	0.9979337438567869
NODE_149_length_241_cov_24.403226	0.76453369164339
NODE_150_length_235_cov_7.650000	0.9877797449940015
NODE_151_length_208_cov_17.960784	0.9493663784817291
NODE_152_length_196_cov_9.843972	0.008000286397347855
NODE_153_length_194_cov_10.848921	0.7764146657202733
NODE_154_length_184_cov_5.542636	0.0024151733585990993
NODE_155_length_169_cov_10.377193	0.23181454067996926
NODE_156_length_159_cov_22.596154	0.34218229532284206
NODE_157_length_114_cov_2.881356	0.9644685494770062
NODE_158_length_113_cov_10.137931	0.9873581018626824
NODE_159_length_111_cov_4.142857	0.9632356136131036
NODE_160_length_109_cov_5.111111	0.0006110465215804962
NODE_161_length_104_cov_6.857143	0.0001968472255135822
NODE_162_length_93_cov_17.368421	0.9991815928422902
NODE_163_length_91_cov_4.361111	0.9986640456697692
NODE_164_length_89_cov_3.382353	0.9812690072906134
NODE_165_length_88_cov_2.727273	0.0049190709310496135
NODE_166_length_82_cov_32.629630	0.9999595002908511
NODE_167_length_82_cov_7.000000	0.004535386300262114
NODE_168_length_81_cov_2.923077	0.18379938778761187
NODE_169_length_81_cov_2.576923	0.8361896885982736
NODE_170_length_80_cov_3.440000	0.8840797945719465
NODE_171_length_78_cov_46.695652	0.7958025364087512
NODE_172_length_76_cov_3.000000	8.731949904903496e-06
NODE_173_length_61_cov_3.166667	0.7988421810908624
NODE_174_length_59_cov_13.000000	0.0005006413879125617
NODE_175_length_59_cov_4.000000	0.11839078134289187
NODE_176_length_58_cov_29.000000	1.1374258503999563e-07
NODE_177_length_58_cov_16.000000	0.9999999196915976
NODE_178_length_57_cov_31.500000	0.9843967362817646
NODE_179_length_57_cov_18.000000	0.027191083293338397
NODE_180_length_57_cov_17.000000	0.00024162672307325106
NODE_181_length_57_cov_16.000000	0.619056459170069
NODE_182_length_57_cov_16.000000	0.9921984343326027
NODE_183_length_56_cov_253.000000	0.0010777284882089553
NODE_184_length_56_cov_22.000000	0.47684637405866204
NODE_185_length_56_cov_21.000000	3.3316528406538567e-06
NODE_186_length_56_cov_17.000000	0.9999999999952227
NODE_187_length_56_cov_16.000000	0.9999554683416613
